-- Install configuration: ""
-- Up-to-date: /MRTP/MRTP/clearpath_simulator/install/clearpath_gz/share/clearpath_gz/config
-- Up-to-date: /MRTP/MRTP/clearpath_simulator/install/clearpath_gz/share/clearpath_gz/config/gui.config
-- Up-to-date: /MRTP/MRTP/clearpath_simulator/install/clearpath_gz/share/clearpath_gz/geotif
-- Up-to-date: /MRTP/MRTP/clearpath_simulator/install/clearpath_gz/share/clearpath_gz/geotif/.DS_Store
-- Up-to-date: /MRTP/MRTP/clearpath_simulator/install/clearpath_gz/share/clearpath_gz/geotif/solar_farm_geo.tif
-- Up-to-date: /MRTP/MRTP/clearpath_simulator/install/clearpath_gz/share/clearpath_gz/geotif/orchard_geo.tif
-- Up-to-date: /MRTP/MRTP/clearpath_simulator/install/clearpath_gz/share/clearpath_gz/geotif/pipeline_geo.tif
-- Up-to-date: /MRTP/MRTP/clearpath_simulator/install/clearpath_gz/share/clearpath_gz/launch
-- Up-to-date: /MRTP/MRTP/clearpath_simulator/install/clearpath_gz/share/clearpath_gz/launch/simulation.launch.py
-- Up-to-date: /MRTP/MRTP/clearpath_simulator/install/clearpath_gz/share/clearpath_gz/launch/robot_spawn.launch.py
-- Up-to-date: /MRTP/MRTP/clearpath_simulator/install/clearpath_gz/share/clearpath_gz/launch/gz_sim.launch.py
-- Up-to-date: /MRTP/MRTP/clearpath_simulator/install/clearpath_gz/share/clearpath_gz/meshes
-- Up-to-date: /MRTP/MRTP/clearpath_simulator/install/clearpath_gz/share/clearpath_gz/meshes/pipeline
-- Up-to-date: /MRTP/MRTP/clearpath_simulator/install/clearpath_gz/share/clearpath_gz/meshes/pipeline/WoodPlanksWorn33_COL_VAR1_3K.jpg
-- Up-to-date: /MRTP/MRTP/clearpath_simulator/install/clearpath_gz/share/clearpath_gz/meshes/pipeline/inspection_water.dae
-- Up-to-date: /MRTP/MRTP/clearpath_simulator/install/clearpath_gz/share/clearpath_gz/meshes/pipeline/MetalSpottyDiscoloration001_COL_3K_METALNESS.jpg
-- Up-to-date: /MRTP/MRTP/clearpath_simulator/install/clearpath_gz/share/clearpath_gz/meshes/pipeline/WoodPlanksWorn33_COL_VAR1_3K.jpg.001.jpg
-- Up-to-date: /MRTP/MRTP/clearpath_simulator/install/clearpath_gz/share/clearpath_gz/meshes/pipeline/ConcreteWall001_COL_VAR1_3K.jpg
-- Up-to-date: /MRTP/MRTP/clearpath_simulator/install/clearpath_gz/share/clearpath_gz/meshes/pipeline/SolarPanelsPolycrystallineTypeBFramedClean001_COL_3K.jpg.001.jpg
-- Up-to-date: /MRTP/MRTP/clearpath_simulator/install/clearpath_gz/share/clearpath_gz/meshes/pipeline/MetalSpottyDiscoloration001_COL_3K_METALNESS.jpg.001.jpg
-- Up-to-date: /MRTP/MRTP/clearpath_simulator/install/clearpath_gz/share/clearpath_gz/meshes/pipeline/ConcreteWall001_COL_VAR1_3K.jpg.001.jpg
-- Up-to-date: /MRTP/MRTP/clearpath_simulator/install/clearpath_gz/share/clearpath_gz/meshes/pipeline/SolarPanelsPolycrystallineTypeBFramedClean001_COL_3K.jpg
-- Up-to-date: /MRTP/MRTP/clearpath_simulator/install/clearpath_gz/share/clearpath_gz/meshes/pipeline/inspection_world.dae
-- Up-to-date: /MRTP/MRTP/clearpath_simulator/install/clearpath_gz/share/clearpath_gz/meshes/pipeline/InspectionBakeLarge.jpg
-- Up-to-date: /MRTP/MRTP/clearpath_simulator/install/clearpath_gz/share/clearpath_gz/meshes/accessories
-- Up-to-date: /MRTP/MRTP/clearpath_simulator/install/clearpath_gz/share/clearpath_gz/meshes/accessories/wibotic_tr301.dae
-- Up-to-date: /MRTP/MRTP/clearpath_simulator/install/clearpath_gz/share/clearpath_gz/meshes/accessories/base_station.dae
-- Up-to-date: /MRTP/MRTP/clearpath_simulator/install/clearpath_gz/share/clearpath_gz/meshes/accessories/base_station_with_tripod.stl
-- Up-to-date: /MRTP/MRTP/clearpath_simulator/install/clearpath_gz/share/clearpath_gz/meshes/accessories/wibotic_tr301.stl
-- Up-to-date: /MRTP/MRTP/clearpath_simulator/install/clearpath_gz/share/clearpath_gz/meshes/accessories/base_station.stl
-- Up-to-date: /MRTP/MRTP/clearpath_simulator/install/clearpath_gz/share/clearpath_gz/meshes/accessories/base_station_with_tripod.dae
-- Up-to-date: /MRTP/MRTP/clearpath_simulator/install/clearpath_gz/share/clearpath_gz/meshes/.DS_Store
-- Up-to-date: /MRTP/MRTP/clearpath_simulator/install/clearpath_gz/share/clearpath_gz/meshes/office
-- Up-to-date: /MRTP/MRTP/clearpath_simulator/install/clearpath_gz/share/clearpath_gz/meshes/office/WoodFlooringMahoganyAfricanSanded001_COL_3K.jpg.001.jpg
-- Up-to-date: /MRTP/MRTP/clearpath_simulator/install/clearpath_gz/share/clearpath_gz/meshes/office/WoodFlooring061_COL_3K.jpg.001.jpg
-- Up-to-date: /MRTP/MRTP/clearpath_simulator/install/clearpath_gz/share/clearpath_gz/meshes/office/InteriorDesignRugStarryNight001_COL_VAR1_3K.jpg.001.jpg
-- Up-to-date: /MRTP/MRTP/clearpath_simulator/install/clearpath_gz/share/clearpath_gz/meshes/office/WoodPlanksWorn33_COL_VAR1_3K.jpg.002.jpg
-- Up-to-date: /MRTP/MRTP/clearpath_simulator/install/clearpath_gz/share/clearpath_gz/meshes/office/office.dae
-- Up-to-date: /MRTP/MRTP/clearpath_simulator/install/clearpath_gz/share/clearpath_gz/meshes/office/MetalCorrodedHeavy001_COL_3K_METALNESS.jpg.002.jpg
-- Up-to-date: /MRTP/MRTP/clearpath_simulator/install/clearpath_gz/share/clearpath_gz/meshes/office/WoodFlooring044_COL_3K.jpg.001.jpg
-- Up-to-date: /MRTP/MRTP/clearpath_simulator/install/clearpath_gz/share/clearpath_gz/meshes/office/GroundClay002_COL_VAR1_3K.jpg.001.jpg
-- Up-to-date: /MRTP/MRTP/clearpath_simulator/install/clearpath_gz/share/clearpath_gz/meshes/office/whiteboard.jpg
-- Up-to-date: /MRTP/MRTP/clearpath_simulator/install/clearpath_gz/share/clearpath_gz/meshes/office/office_construction.dae
-- Up-to-date: /MRTP/MRTP/clearpath_simulator/install/clearpath_gz/share/clearpath_gz/meshes/office/concrete_bag.jpg
-- Up-to-date: /MRTP/MRTP/clearpath_simulator/install/clearpath_gz/share/clearpath_gz/meshes/office/MetalSpottyDiscoloration001_COL_3K_METALNESS.jpg.002.jpg
-- Up-to-date: /MRTP/MRTP/clearpath_simulator/install/clearpath_gz/share/clearpath_gz/meshes/office/ConcreteWall001_COL_VAR1_3K.jpg.002.jpg
-- Up-to-date: /MRTP/MRTP/clearpath_simulator/install/clearpath_gz/share/clearpath_gz/meshes/office/Bricks01_COL_VAR1_3K.jpg.002.jpg
-- Up-to-date: /MRTP/MRTP/clearpath_simulator/install/clearpath_gz/share/clearpath_gz/meshes/office/MetalCorrugatedIronSheet002_METALNESS_3K_METALNESS.jpg.002.jpg
-- Up-to-date: /MRTP/MRTP/clearpath_simulator/install/clearpath_gz/share/clearpath_gz/meshes/office/Tiles05_COL_VAR1_3K.jpg.001.jpg
-- Up-to-date: /MRTP/MRTP/clearpath_simulator/install/clearpath_gz/share/clearpath_gz/meshes/office/cp_walls.jpg
-- Up-to-date: /MRTP/MRTP/clearpath_simulator/install/clearpath_gz/share/clearpath_gz/meshes/office/cardboard.jpg
-- Up-to-date: /MRTP/MRTP/clearpath_simulator/install/clearpath_gz/share/clearpath_gz/meshes/office/TilesRectangularMirrorGray001_COL_3K.jpg.001.jpg
-- Up-to-date: /MRTP/MRTP/clearpath_simulator/install/clearpath_gz/share/clearpath_gz/meshes/orchard
-- Up-to-date: /MRTP/MRTP/clearpath_simulator/install/clearpath_gz/share/clearpath_gz/meshes/orchard/orchard_leaves.dae
-- Up-to-date: /MRTP/MRTP/clearpath_simulator/install/clearpath_gz/share/clearpath_gz/meshes/orchard/GroundTireTracks001_COL_3K.jpg.001.jpg
-- Up-to-date: /MRTP/MRTP/clearpath_simulator/install/clearpath_gz/share/clearpath_gz/meshes/orchard/.DS_Store
-- Up-to-date: /MRTP/MRTP/clearpath_simulator/install/clearpath_gz/share/clearpath_gz/meshes/orchard/GroundForest003_COL_VAR1_3K.jpg.001.jpg
-- Up-to-date: /MRTP/MRTP/clearpath_simulator/install/clearpath_gz/share/clearpath_gz/meshes/orchard/orchard_world.dae
-- Up-to-date: /MRTP/MRTP/clearpath_simulator/install/clearpath_gz/share/clearpath_gz/meshes/orchard/orchard_trunkstest.dae
-- Up-to-date: /MRTP/MRTP/clearpath_simulator/install/clearpath_gz/share/clearpath_gz/meshes/orchard/orchard_trunks.dae
-- Up-to-date: /MRTP/MRTP/clearpath_simulator/install/clearpath_gz/share/clearpath_gz/meshes/orchard/Ground.png
-- Up-to-date: /MRTP/MRTP/clearpath_simulator/install/clearpath_gz/share/clearpath_gz/meshes/orchard/RustPlain007_COL_VAR1_3K.jpg.001.jpg
-- Up-to-date: /MRTP/MRTP/clearpath_simulator/install/clearpath_gz/share/clearpath_gz/meshes/orchard/GroundMoss001_COL_1K.jpg.001.jpg
-- Up-to-date: /MRTP/MRTP/clearpath_simulator/install/clearpath_gz/share/clearpath_gz/meshes/solar_farm
-- Up-to-date: /MRTP/MRTP/clearpath_simulator/install/clearpath_gz/share/clearpath_gz/meshes/solar_farm/WoodPlanksWornRed33_COL_VAR1_3K.jpg
-- Up-to-date: /MRTP/MRTP/clearpath_simulator/install/clearpath_gz/share/clearpath_gz/meshes/solar_farm/WoodPlanksWornWhite33_COL_VAR1_3K.jpg
-- Up-to-date: /MRTP/MRTP/clearpath_simulator/install/clearpath_gz/share/clearpath_gz/meshes/solar_farm/WoodPlanksWorn33_COL_VAR1_3K.jpg
-- Up-to-date: /MRTP/MRTP/clearpath_simulator/install/clearpath_gz/share/clearpath_gz/meshes/solar_farm/SolarPanelsPolycrystallineTypeBFramedClean001_COL_3K.jpg
-- Up-to-date: /MRTP/MRTP/clearpath_simulator/install/clearpath_gz/share/clearpath_gz/meshes/solar_farm/MetalCorrugatedIronSheet002_METALNESS_3K_METALNESS.jpg
-- Up-to-date: /MRTP/MRTP/clearpath_simulator/install/clearpath_gz/share/clearpath_gz/meshes/solar_farm/agriculture_world.dae
-- Up-to-date: /MRTP/MRTP/clearpath_simulator/install/clearpath_gz/share/clearpath_gz/meshes/solar_farm/AgriBakeLarge.jpg
-- Up-to-date: /MRTP/MRTP/clearpath_simulator/install/clearpath_gz/share/clearpath_gz/worlds
-- Up-to-date: /MRTP/MRTP/clearpath_simulator/install/clearpath_gz/share/clearpath_gz/worlds/.DS_Store
-- Up-to-date: /MRTP/MRTP/clearpath_simulator/install/clearpath_gz/share/clearpath_gz/worlds/generated_orchard.sdf
-- Up-to-date: /MRTP/MRTP/clearpath_simulator/install/clearpath_gz/share/clearpath_gz/worlds/solar_farm.sdf
-- Up-to-date: /MRTP/MRTP/clearpath_simulator/install/clearpath_gz/share/clearpath_gz/worlds/construction.sdf
-- Up-to-date: /MRTP/MRTP/clearpath_simulator/install/clearpath_gz/share/clearpath_gz/worlds/warehouse.sdf
-- Up-to-date: /MRTP/MRTP/clearpath_simulator/install/clearpath_gz/share/clearpath_gz/worlds/office.sdf
-- Up-to-date: /MRTP/MRTP/clearpath_simulator/install/clearpath_gz/share/clearpath_gz/worlds/pipeline.sdf
-- Up-to-date: /MRTP/MRTP/clearpath_simulator/install/clearpath_gz/share/clearpath_gz/worlds/orchard.sdf
-- Up-to-date: /MRTP/MRTP/clearpath_simulator/install/clearpath_gz/share/ament_index/resource_index/package_run_dependencies/clearpath_gz
-- Up-to-date: /MRTP/MRTP/clearpath_simulator/install/clearpath_gz/share/ament_index/resource_index/parent_prefix_path/clearpath_gz
-- Up-to-date: /MRTP/MRTP/clearpath_simulator/install/clearpath_gz/share/clearpath_gz/environment/ament_prefix_path.sh
-- Up-to-date: /MRTP/MRTP/clearpath_simulator/install/clearpath_gz/share/clearpath_gz/environment/ament_prefix_path.dsv
-- Up-to-date: /MRTP/MRTP/clearpath_simulator/install/clearpath_gz/share/clearpath_gz/environment/path.sh
-- Up-to-date: /MRTP/MRTP/clearpath_simulator/install/clearpath_gz/share/clearpath_gz/environment/path.dsv
-- Up-to-date: /MRTP/MRTP/clearpath_simulator/install/clearpath_gz/share/clearpath_gz/local_setup.bash
-- Up-to-date: /MRTP/MRTP/clearpath_simulator/install/clearpath_gz/share/clearpath_gz/local_setup.sh
-- Up-to-date: /MRTP/MRTP/clearpath_simulator/install/clearpath_gz/share/clearpath_gz/local_setup.zsh
-- Up-to-date: /MRTP/MRTP/clearpath_simulator/install/clearpath_gz/share/clearpath_gz/local_setup.dsv
-- Installing: /MRTP/MRTP/clearpath_simulator/install/clearpath_gz/share/clearpath_gz/package.dsv
-- Up-to-date: /MRTP/MRTP/clearpath_simulator/install/clearpath_gz/share/ament_index/resource_index/packages/clearpath_gz
-- Up-to-date: /MRTP/MRTP/clearpath_simulator/install/clearpath_gz/share/clearpath_gz/cmake/clearpath_gzConfig.cmake
-- Up-to-date: /MRTP/MRTP/clearpath_simulator/install/clearpath_gz/share/clearpath_gz/cmake/clearpath_gzConfig-version.cmake
-- Up-to-date: /MRTP/MRTP/clearpath_simulator/install/clearpath_gz/share/clearpath_gz/package.xml
