[0.019s] Invoking command in '/MRTP/MRTP/clearpath_simulator/build/clearpath_gz': CMAKE_PREFIX_PATH=/MRTP/MRTP/clearpath_simulator/install/clearpath_generator_gz:/MRTP/MRTP/clearpath_simulator/install/clearpath_simulator:/MRTP/MRTP/clearpath_simulator/install/clearpath_gz:/MRTP/MRTP/install/tracking:/MRTP/MRTP/install/talklisten:/MRTP/MRTP/install/robctl:/MRTP/MRTP/install/remap:/MRTP/MRTP/install/oopsquare:/MRTP/MRTP/install/lab7:/MRTP/MRTP/install/navigation:/MRTP/MRTP/install/multipletopics:/MRTP/MRTP/install/moverobo:/MRTP/MRTP/install/lab4:/MRTP/MRTP/install/examples:/MRTP/MRTP/install/clearpath_simulator:/MRTP/MRTP/install/clearpath_gz:/MRTP/MRTP/install/clearpath_generator_gz:/opt/ros/jazzy/opt/gz_sim_vendor:/opt/ros/jazzy/opt/gz_sensors_vendor:/opt/ros/jazzy/opt/gz_physics_vendor:/opt/ros/jazzy/opt/sdformat_vendor:/opt/ros/jazzy/opt/gz_gui_vendor:/opt/ros/jazzy/opt/gz_transport_vendor:/opt/ros/jazzy/opt/gz_rendering_vendor:/opt/ros/jazzy/opt/gz_plugin_vendor:/opt/ros/jazzy/opt/gz_fuel_tools_vendor:/opt/ros/jazzy/opt/gz_msgs_vendor:/opt/ros/jazzy/opt/gz_common_vendor:/opt/ros/jazzy/opt/gz_math_vendor:/opt/ros/jazzy/opt/gz_utils_vendor:/opt/ros/jazzy/opt/gz_tools_vendor:/opt/ros/jazzy/opt/gz_ogre_next_vendor:/opt/ros/jazzy/opt/gz_dartsim_vendor:/opt/ros/jazzy/opt/gz_cmake_vendor:/MRTP/MRTP/install/gazeboenvs:/opt/ros/jazzy PS1=(.venv) \[\e]0;\u@\h: \w\a\]${debian_chroot:+($debian_chroot)}\u@\h:\w\$ VIRTUAL_ENV_PROMPT=(.venv) /usr/bin/cmake --build /MRTP/MRTP/clearpath_simulator/build/clearpath_gz -- -j8 -l8
[0.065s] Invoked command in '/MRTP/MRTP/clearpath_simulator/build/clearpath_gz' returned '0': CMAKE_PREFIX_PATH=/MRTP/MRTP/clearpath_simulator/install/clearpath_generator_gz:/MRTP/MRTP/clearpath_simulator/install/clearpath_simulator:/MRTP/MRTP/clearpath_simulator/install/clearpath_gz:/MRTP/MRTP/install/tracking:/MRTP/MRTP/install/talklisten:/MRTP/MRTP/install/robctl:/MRTP/MRTP/install/remap:/MRTP/MRTP/install/oopsquare:/MRTP/MRTP/install/lab7:/MRTP/MRTP/install/navigation:/MRTP/MRTP/install/multipletopics:/MRTP/MRTP/install/moverobo:/MRTP/MRTP/install/lab4:/MRTP/MRTP/install/examples:/MRTP/MRTP/install/clearpath_simulator:/MRTP/MRTP/install/clearpath_gz:/MRTP/MRTP/install/clearpath_generator_gz:/opt/ros/jazzy/opt/gz_sim_vendor:/opt/ros/jazzy/opt/gz_sensors_vendor:/opt/ros/jazzy/opt/gz_physics_vendor:/opt/ros/jazzy/opt/sdformat_vendor:/opt/ros/jazzy/opt/gz_gui_vendor:/opt/ros/jazzy/opt/gz_transport_vendor:/opt/ros/jazzy/opt/gz_rendering_vendor:/opt/ros/jazzy/opt/gz_plugin_vendor:/opt/ros/jazzy/opt/gz_fuel_tools_vendor:/opt/ros/jazzy/opt/gz_msgs_vendor:/opt/ros/jazzy/opt/gz_common_vendor:/opt/ros/jazzy/opt/gz_math_vendor:/opt/ros/jazzy/opt/gz_utils_vendor:/opt/ros/jazzy/opt/gz_tools_vendor:/opt/ros/jazzy/opt/gz_ogre_next_vendor:/opt/ros/jazzy/opt/gz_dartsim_vendor:/opt/ros/jazzy/opt/gz_cmake_vendor:/MRTP/MRTP/install/gazeboenvs:/opt/ros/jazzy PS1=(.venv) \[\e]0;\u@\h: \w\a\]${debian_chroot:+($debian_chroot)}\u@\h:\w\$ VIRTUAL_ENV_PROMPT=(.venv) /usr/bin/cmake --build /MRTP/MRTP/clearpath_simulator/build/clearpath_gz -- -j8 -l8
[0.067s] Invoking command in '/MRTP/MRTP/clearpath_simulator/build/clearpath_gz': CMAKE_PREFIX_PATH=/MRTP/MRTP/clearpath_simulator/install/clearpath_generator_gz:/MRTP/MRTP/clearpath_simulator/install/clearpath_simulator:/MRTP/MRTP/clearpath_simulator/install/clearpath_gz:/MRTP/MRTP/install/tracking:/MRTP/MRTP/install/talklisten:/MRTP/MRTP/install/robctl:/MRTP/MRTP/install/remap:/MRTP/MRTP/install/oopsquare:/MRTP/MRTP/install/lab7:/MRTP/MRTP/install/navigation:/MRTP/MRTP/install/multipletopics:/MRTP/MRTP/install/moverobo:/MRTP/MRTP/install/lab4:/MRTP/MRTP/install/examples:/MRTP/MRTP/install/clearpath_simulator:/MRTP/MRTP/install/clearpath_gz:/MRTP/MRTP/install/clearpath_generator_gz:/opt/ros/jazzy/opt/gz_sim_vendor:/opt/ros/jazzy/opt/gz_sensors_vendor:/opt/ros/jazzy/opt/gz_physics_vendor:/opt/ros/jazzy/opt/sdformat_vendor:/opt/ros/jazzy/opt/gz_gui_vendor:/opt/ros/jazzy/opt/gz_transport_vendor:/opt/ros/jazzy/opt/gz_rendering_vendor:/opt/ros/jazzy/opt/gz_plugin_vendor:/opt/ros/jazzy/opt/gz_fuel_tools_vendor:/opt/ros/jazzy/opt/gz_msgs_vendor:/opt/ros/jazzy/opt/gz_common_vendor:/opt/ros/jazzy/opt/gz_math_vendor:/opt/ros/jazzy/opt/gz_utils_vendor:/opt/ros/jazzy/opt/gz_tools_vendor:/opt/ros/jazzy/opt/gz_ogre_next_vendor:/opt/ros/jazzy/opt/gz_dartsim_vendor:/opt/ros/jazzy/opt/gz_cmake_vendor:/MRTP/MRTP/install/gazeboenvs:/opt/ros/jazzy PS1=(.venv) \[\e]0;\u@\h: \w\a\]${debian_chroot:+($debian_chroot)}\u@\h:\w\$ VIRTUAL_ENV_PROMPT=(.venv) /usr/bin/cmake --install /MRTP/MRTP/clearpath_simulator/build/clearpath_gz
[0.079s] -- Install configuration: ""
[0.079s] -- Up-to-date: /MRTP/MRTP/clearpath_simulator/install/clearpath_gz/share/clearpath_gz/config
[0.080s] -- Up-to-date: /MRTP/MRTP/clearpath_simulator/install/clearpath_gz/share/clearpath_gz/config/gui.config
[0.080s] -- Up-to-date: /MRTP/MRTP/clearpath_simulator/install/clearpath_gz/share/clearpath_gz/geotif
[0.081s] -- Up-to-date: /MRTP/MRTP/clearpath_simulator/install/clearpath_gz/share/clearpath_gz/geotif/.DS_Store
[0.082s] -- Up-to-date: /MRTP/MRTP/clearpath_simulator/install/clearpath_gz/share/clearpath_gz/geotif/solar_farm_geo.tif
[0.082s] -- Up-to-date: /MRTP/MRTP/clearpath_simulator/install/clearpath_gz/share/clearpath_gz/geotif/orchard_geo.tif
[0.083s] -- Up-to-date: /MRTP/MRTP/clearpath_simulator/install/clearpath_gz/share/clearpath_gz/geotif/pipeline_geo.tif
[0.083s] -- Up-to-date: /MRTP/MRTP/clearpath_simulator/install/clearpath_gz/share/clearpath_gz/launch
[0.084s] -- Up-to-date: /MRTP/MRTP/clearpath_simulator/install/clearpath_gz/share/clearpath_gz/launch/simulation.launch.py
[0.085s] -- Up-to-date: /MRTP/MRTP/clearpath_simulator/install/clearpath_gz/share/clearpath_gz/launch/robot_spawn.launch.py
[0.086s] -- Up-to-date: /MRTP/MRTP/clearpath_simulator/install/clearpath_gz/share/clearpath_gz/launch/gz_sim.launch.py
[0.086s] -- Up-to-date: /MRTP/MRTP/clearpath_simulator/install/clearpath_gz/share/clearpath_gz/meshes
[0.087s] -- Up-to-date: /MRTP/MRTP/clearpath_simulator/install/clearpath_gz/share/clearpath_gz/meshes/pipeline
[0.088s] -- Up-to-date: /MRTP/MRTP/clearpath_simulator/install/clearpath_gz/share/clearpath_gz/meshes/pipeline/WoodPlanksWorn33_COL_VAR1_3K.jpg
[0.088s] -- Up-to-date: /MRTP/MRTP/clearpath_simulator/install/clearpath_gz/share/clearpath_gz/meshes/pipeline/inspection_water.dae
[0.089s] -- Up-to-date: /MRTP/MRTP/clearpath_simulator/install/clearpath_gz/share/clearpath_gz/meshes/pipeline/MetalSpottyDiscoloration001_COL_3K_METALNESS.jpg
[0.090s] -- Up-to-date: /MRTP/MRTP/clearpath_simulator/install/clearpath_gz/share/clearpath_gz/meshes/pipeline/WoodPlanksWorn33_COL_VAR1_3K.jpg.001.jpg
[0.090s] -- Up-to-date: /MRTP/MRTP/clearpath_simulator/install/clearpath_gz/share/clearpath_gz/meshes/pipeline/ConcreteWall001_COL_VAR1_3K.jpg
[0.091s] -- Up-to-date: /MRTP/MRTP/clearpath_simulator/install/clearpath_gz/share/clearpath_gz/meshes/pipeline/SolarPanelsPolycrystallineTypeBFramedClean001_COL_3K.jpg.001.jpg
[0.091s] -- Up-to-date: /MRTP/MRTP/clearpath_simulator/install/clearpath_gz/share/clearpath_gz/meshes/pipeline/MetalSpottyDiscoloration001_COL_3K_METALNESS.jpg.001.jpg
[0.092s] -- Up-to-date: /MRTP/MRTP/clearpath_simulator/install/clearpath_gz/share/clearpath_gz/meshes/pipeline/ConcreteWall001_COL_VAR1_3K.jpg.001.jpg
[0.092s] -- Up-to-date: /MRTP/MRTP/clearpath_simulator/install/clearpath_gz/share/clearpath_gz/meshes/pipeline/SolarPanelsPolycrystallineTypeBFramedClean001_COL_3K.jpg
[0.093s] -- Up-to-date: /MRTP/MRTP/clearpath_simulator/install/clearpath_gz/share/clearpath_gz/meshes/pipeline/inspection_world.dae
[0.094s] -- Up-to-date: /MRTP/MRTP/clearpath_simulator/install/clearpath_gz/share/clearpath_gz/meshes/pipeline/InspectionBakeLarge.jpg
[0.094s] -- Up-to-date: /MRTP/MRTP/clearpath_simulator/install/clearpath_gz/share/clearpath_gz/meshes/accessories
[0.095s] -- Up-to-date: /MRTP/MRTP/clearpath_simulator/install/clearpath_gz/share/clearpath_gz/meshes/accessories/wibotic_tr301.dae
[0.096s] -- Up-to-date: /MRTP/MRTP/clearpath_simulator/install/clearpath_gz/share/clearpath_gz/meshes/accessories/base_station.dae
[0.097s] -- Up-to-date: /MRTP/MRTP/clearpath_simulator/install/clearpath_gz/share/clearpath_gz/meshes/accessories/base_station_with_tripod.stl
[0.097s] -- Up-to-date: /MRTP/MRTP/clearpath_simulator/install/clearpath_gz/share/clearpath_gz/meshes/accessories/wibotic_tr301.stl
[0.098s] -- Up-to-date: /MRTP/MRTP/clearpath_simulator/install/clearpath_gz/share/clearpath_gz/meshes/accessories/base_station.stl
[0.098s] -- Up-to-date: /MRTP/MRTP/clearpath_simulator/install/clearpath_gz/share/clearpath_gz/meshes/accessories/base_station_with_tripod.dae
[0.099s] -- Up-to-date: /MRTP/MRTP/clearpath_simulator/install/clearpath_gz/share/clearpath_gz/meshes/.DS_Store
[0.099s] -- Up-to-date: /MRTP/MRTP/clearpath_simulator/install/clearpath_gz/share/clearpath_gz/meshes/office
[0.100s] -- Up-to-date: /MRTP/MRTP/clearpath_simulator/install/clearpath_gz/share/clearpath_gz/meshes/office/WoodFlooringMahoganyAfricanSanded001_COL_3K.jpg.001.jpg
[0.101s] -- Up-to-date: /MRTP/MRTP/clearpath_simulator/install/clearpath_gz/share/clearpath_gz/meshes/office/WoodFlooring061_COL_3K.jpg.001.jpg
[0.101s] -- Up-to-date: /MRTP/MRTP/clearpath_simulator/install/clearpath_gz/share/clearpath_gz/meshes/office/InteriorDesignRugStarryNight001_COL_VAR1_3K.jpg.001.jpg
[0.102s] -- Up-to-date: /MRTP/MRTP/clearpath_simulator/install/clearpath_gz/share/clearpath_gz/meshes/office/WoodPlanksWorn33_COL_VAR1_3K.jpg.002.jpg
[0.102s] -- Up-to-date: /MRTP/MRTP/clearpath_simulator/install/clearpath_gz/share/clearpath_gz/meshes/office/office.dae
[0.103s] -- Up-to-date: /MRTP/MRTP/clearpath_simulator/install/clearpath_gz/share/clearpath_gz/meshes/office/MetalCorrodedHeavy001_COL_3K_METALNESS.jpg.002.jpg
[0.103s] -- Up-to-date: /MRTP/MRTP/clearpath_simulator/install/clearpath_gz/share/clearpath_gz/meshes/office/WoodFlooring044_COL_3K.jpg.001.jpg
[0.104s] -- Up-to-date: /MRTP/MRTP/clearpath_simulator/install/clearpath_gz/share/clearpath_gz/meshes/office/GroundClay002_COL_VAR1_3K.jpg.001.jpg
[0.104s] -- Up-to-date: /MRTP/MRTP/clearpath_simulator/install/clearpath_gz/share/clearpath_gz/meshes/office/whiteboard.jpg
[0.105s] -- Up-to-date: /MRTP/MRTP/clearpath_simulator/install/clearpath_gz/share/clearpath_gz/meshes/office/office_construction.dae
[0.105s] -- Up-to-date: /MRTP/MRTP/clearpath_simulator/install/clearpath_gz/share/clearpath_gz/meshes/office/concrete_bag.jpg
[0.106s] -- Up-to-date: /MRTP/MRTP/clearpath_simulator/install/clearpath_gz/share/clearpath_gz/meshes/office/MetalSpottyDiscoloration001_COL_3K_METALNESS.jpg.002.jpg
[0.106s] -- Up-to-date: /MRTP/MRTP/clearpath_simulator/install/clearpath_gz/share/clearpath_gz/meshes/office/ConcreteWall001_COL_VAR1_3K.jpg.002.jpg
[0.107s] -- Up-to-date: /MRTP/MRTP/clearpath_simulator/install/clearpath_gz/share/clearpath_gz/meshes/office/Bricks01_COL_VAR1_3K.jpg.002.jpg
[0.108s] -- Up-to-date: /MRTP/MRTP/clearpath_simulator/install/clearpath_gz/share/clearpath_gz/meshes/office/MetalCorrugatedIronSheet002_METALNESS_3K_METALNESS.jpg.002.jpg
[0.109s] -- Up-to-date: /MRTP/MRTP/clearpath_simulator/install/clearpath_gz/share/clearpath_gz/meshes/office/Tiles05_COL_VAR1_3K.jpg.001.jpg
[0.109s] -- Up-to-date: /MRTP/MRTP/clearpath_simulator/install/clearpath_gz/share/clearpath_gz/meshes/office/cp_walls.jpg
[0.110s] -- Up-to-date: /MRTP/MRTP/clearpath_simulator/install/clearpath_gz/share/clearpath_gz/meshes/office/cardboard.jpg
[0.110s] -- Up-to-date: /MRTP/MRTP/clearpath_simulator/install/clearpath_gz/share/clearpath_gz/meshes/office/TilesRectangularMirrorGray001_COL_3K.jpg.001.jpg
[0.111s] -- Up-to-date: /MRTP/MRTP/clearpath_simulator/install/clearpath_gz/share/clearpath_gz/meshes/orchard
[0.113s] -- Up-to-date: /MRTP/MRTP/clearpath_simulator/install/clearpath_gz/share/clearpath_gz/meshes/orchard/orchard_leaves.dae
[0.113s] -- Up-to-date: /MRTP/MRTP/clearpath_simulator/install/clearpath_gz/share/clearpath_gz/meshes/orchard/GroundTireTracks001_COL_3K.jpg.001.jpg
[0.114s] -- Up-to-date: /MRTP/MRTP/clearpath_simulator/install/clearpath_gz/share/clearpath_gz/meshes/orchard/.DS_Store
[0.114s] -- Up-to-date: /MRTP/MRTP/clearpath_simulator/install/clearpath_gz/share/clearpath_gz/meshes/orchard/GroundForest003_COL_VAR1_3K.jpg.001.jpg
[0.115s] -- Up-to-date: /MRTP/MRTP/clearpath_simulator/install/clearpath_gz/share/clearpath_gz/meshes/orchard/orchard_world.dae
[0.115s] -- Up-to-date: /MRTP/MRTP/clearpath_simulator/install/clearpath_gz/share/clearpath_gz/meshes/orchard/orchard_trunkstest.dae
[0.116s] -- Up-to-date: /MRTP/MRTP/clearpath_simulator/install/clearpath_gz/share/clearpath_gz/meshes/orchard/orchard_trunks.dae
[0.116s] -- Up-to-date: /MRTP/MRTP/clearpath_simulator/install/clearpath_gz/share/clearpath_gz/meshes/orchard/Ground.png
[0.117s] -- Up-to-date: /MRTP/MRTP/clearpath_simulator/install/clearpath_gz/share/clearpath_gz/meshes/orchard/RustPlain007_COL_VAR1_3K.jpg.001.jpg
[0.117s] -- Up-to-date: /MRTP/MRTP/clearpath_simulator/install/clearpath_gz/share/clearpath_gz/meshes/orchard/GroundMoss001_COL_1K.jpg.001.jpg
[0.118s] -- Up-to-date: /MRTP/MRTP/clearpath_simulator/install/clearpath_gz/share/clearpath_gz/meshes/solar_farm
[0.119s] -- Up-to-date: /MRTP/MRTP/clearpath_simulator/install/clearpath_gz/share/clearpath_gz/meshes/solar_farm/WoodPlanksWornRed33_COL_VAR1_3K.jpg
[0.119s] -- Up-to-date: /MRTP/MRTP/clearpath_simulator/install/clearpath_gz/share/clearpath_gz/meshes/solar_farm/WoodPlanksWornWhite33_COL_VAR1_3K.jpg
[0.120s] -- Up-to-date: /MRTP/MRTP/clearpath_simulator/install/clearpath_gz/share/clearpath_gz/meshes/solar_farm/WoodPlanksWorn33_COL_VAR1_3K.jpg
[0.120s] -- Up-to-date: /MRTP/MRTP/clearpath_simulator/install/clearpath_gz/share/clearpath_gz/meshes/solar_farm/SolarPanelsPolycrystallineTypeBFramedClean001_COL_3K.jpg
[0.121s] -- Up-to-date: /MRTP/MRTP/clearpath_simulator/install/clearpath_gz/share/clearpath_gz/meshes/solar_farm/MetalCorrugatedIronSheet002_METALNESS_3K_METALNESS.jpg
[0.121s] -- Up-to-date: /MRTP/MRTP/clearpath_simulator/install/clearpath_gz/share/clearpath_gz/meshes/solar_farm/agriculture_world.dae
[0.122s] -- Up-to-date: /MRTP/MRTP/clearpath_simulator/install/clearpath_gz/share/clearpath_gz/meshes/solar_farm/AgriBakeLarge.jpg
[0.123s] -- Up-to-date: /MRTP/MRTP/clearpath_simulator/install/clearpath_gz/share/clearpath_gz/worlds
[0.124s] -- Up-to-date: /MRTP/MRTP/clearpath_simulator/install/clearpath_gz/share/clearpath_gz/worlds/.DS_Store
[0.124s] -- Up-to-date: /MRTP/MRTP/clearpath_simulator/install/clearpath_gz/share/clearpath_gz/worlds/generated_orchard.sdf
[0.125s] -- Up-to-date: /MRTP/MRTP/clearpath_simulator/install/clearpath_gz/share/clearpath_gz/worlds/solar_farm.sdf
[0.126s] -- Up-to-date: /MRTP/MRTP/clearpath_simulator/install/clearpath_gz/share/clearpath_gz/worlds/construction.sdf
[0.126s] -- Up-to-date: /MRTP/MRTP/clearpath_simulator/install/clearpath_gz/share/clearpath_gz/worlds/warehouse.sdf
[0.127s] -- Up-to-date: /MRTP/MRTP/clearpath_simulator/install/clearpath_gz/share/clearpath_gz/worlds/office.sdf
[0.127s] -- Up-to-date: /MRTP/MRTP/clearpath_simulator/install/clearpath_gz/share/clearpath_gz/worlds/pipeline.sdf
[0.128s] -- Up-to-date: /MRTP/MRTP/clearpath_simulator/install/clearpath_gz/share/clearpath_gz/worlds/orchard.sdf
[0.128s] -- Up-to-date: /MRTP/MRTP/clearpath_simulator/install/clearpath_gz/share/ament_index/resource_index/package_run_dependencies/clearpath_gz
[0.129s] -- Up-to-date: /MRTP/MRTP/clearpath_simulator/install/clearpath_gz/share/ament_index/resource_index/parent_prefix_path/clearpath_gz
[0.129s] -- Up-to-date: /MRTP/MRTP/clearpath_simulator/install/clearpath_gz/share/clearpath_gz/environment/ament_prefix_path.sh
[0.130s] -- Up-to-date: /MRTP/MRTP/clearpath_simulator/install/clearpath_gz/share/clearpath_gz/environment/ament_prefix_path.dsv
[0.130s] -- Up-to-date: /MRTP/MRTP/clearpath_simulator/install/clearpath_gz/share/clearpath_gz/environment/path.sh
[0.131s] -- Up-to-date: /MRTP/MRTP/clearpath_simulator/install/clearpath_gz/share/clearpath_gz/environment/path.dsv
[0.131s] -- Up-to-date: /MRTP/MRTP/clearpath_simulator/install/clearpath_gz/share/clearpath_gz/local_setup.bash
[0.131s] -- Up-to-date: /MRTP/MRTP/clearpath_simulator/install/clearpath_gz/share/clearpath_gz/local_setup.sh
[0.132s] -- Up-to-date: /MRTP/MRTP/clearpath_simulator/install/clearpath_gz/share/clearpath_gz/local_setup.zsh
[0.132s] -- Up-to-date: /MRTP/MRTP/clearpath_simulator/install/clearpath_gz/share/clearpath_gz/local_setup.dsv
[0.133s] -- Installing: /MRTP/MRTP/clearpath_simulator/install/clearpath_gz/share/clearpath_gz/package.dsv
[0.136s] -- Up-to-date: /MRTP/MRTP/clearpath_simulator/install/clearpath_gz/share/ament_index/resource_index/packages/clearpath_gz
[0.136s] -- Up-to-date: /MRTP/MRTP/clearpath_simulator/install/clearpath_gz/share/clearpath_gz/cmake/clearpath_gzConfig.cmake
[0.136s] -- Up-to-date: /MRTP/MRTP/clearpath_simulator/install/clearpath_gz/share/clearpath_gz/cmake/clearpath_gzConfig-version.cmake
[0.137s] -- Up-to-date: /MRTP/MRTP/clearpath_simulator/install/clearpath_gz/share/clearpath_gz/package.xml
[0.139s] Invoked command in '/MRTP/MRTP/clearpath_simulator/build/clearpath_gz' returned '0': CMAKE_PREFIX_PATH=/MRTP/MRTP/clearpath_simulator/install/clearpath_generator_gz:/MRTP/MRTP/clearpath_simulator/install/clearpath_simulator:/MRTP/MRTP/clearpath_simulator/install/clearpath_gz:/MRTP/MRTP/install/tracking:/MRTP/MRTP/install/talklisten:/MRTP/MRTP/install/robctl:/MRTP/MRTP/install/remap:/MRTP/MRTP/install/oopsquare:/MRTP/MRTP/install/lab7:/MRTP/MRTP/install/navigation:/MRTP/MRTP/install/multipletopics:/MRTP/MRTP/install/moverobo:/MRTP/MRTP/install/lab4:/MRTP/MRTP/install/examples:/MRTP/MRTP/install/clearpath_simulator:/MRTP/MRTP/install/clearpath_gz:/MRTP/MRTP/install/clearpath_generator_gz:/opt/ros/jazzy/opt/gz_sim_vendor:/opt/ros/jazzy/opt/gz_sensors_vendor:/opt/ros/jazzy/opt/gz_physics_vendor:/opt/ros/jazzy/opt/sdformat_vendor:/opt/ros/jazzy/opt/gz_gui_vendor:/opt/ros/jazzy/opt/gz_transport_vendor:/opt/ros/jazzy/opt/gz_rendering_vendor:/opt/ros/jazzy/opt/gz_plugin_vendor:/opt/ros/jazzy/opt/gz_fuel_tools_vendor:/opt/ros/jazzy/opt/gz_msgs_vendor:/opt/ros/jazzy/opt/gz_common_vendor:/opt/ros/jazzy/opt/gz_math_vendor:/opt/ros/jazzy/opt/gz_utils_vendor:/opt/ros/jazzy/opt/gz_tools_vendor:/opt/ros/jazzy/opt/gz_ogre_next_vendor:/opt/ros/jazzy/opt/gz_dartsim_vendor:/opt/ros/jazzy/opt/gz_cmake_vendor:/MRTP/MRTP/install/gazeboenvs:/opt/ros/jazzy PS1=(.venv) \[\e]0;\u@\h: \w\a\]${debian_chroot:+($debian_chroot)}\u@\h:\w\$ VIRTUAL_ENV_PROMPT=(.venv) /usr/bin/cmake --install /MRTP/MRTP/clearpath_simulator/build/clearpath_gz
