[0.106s] DEBUG:colcon:Command line arguments: ['/usr/bin/colcon', 'build']
[0.107s] DEBUG:colcon:Parsed command line arguments: Namespace(log_base=None, log_level=None, verb_name='build', build_base='build', install_base='install', merge_install=False, symlink_install=False, test_result_base=None, continue_on_error=False, executor='parallel', parallel_workers=8, event_handlers=None, ignore_user_meta=False, metas=['./colcon.meta'], base_paths=['.'], packages_ignore=None, packages_ignore_regex=None, paths=None, packages_up_to=None, packages_up_to_regex=None, packages_above=None, packages_above_and_dependencies=None, packages_above_depth=None, packages_select_by_dep=None, packages_skip_by_dep=None, packages_skip_up_to=None, packages_select_build_failed=False, packages_skip_build_finished=False, packages_select_test_failures=False, packages_skip_test_passed=False, packages_select=None, packages_skip=None, packages_select_regex=None, packages_skip_regex=None, packages_start=None, packages_end=None, cmake_args=None, cmake_target=None, cmake_target_skip_unavailable=False, cmake_clean_cache=False, cmake_clean_first=False, cmake_force_configure=False, ament_cmake_args=None, catkin_cmake_args=None, catkin_skip_building_tests=False, mixin_files=None, mixin=None, verb_parser=<colcon_mixin.mixin.mixin_argument.MixinArgumentDecorator object at 0xffffb90e3a40>, verb_extension=<colcon_core.verb.build.BuildVerb object at 0xffffb92c7650>, main=<bound method BuildVerb.main of <colcon_core.verb.build.BuildVerb object at 0xffffb92c7650>>, mixin_verb=('build',))
[0.143s] Level 1:colcon.colcon_core.package_discovery:discover_packages(colcon_meta) check parameters
[0.144s] INFO:colcon.colcon_metadata.package_discovery.colcon_meta:Using configuration from '/root/.colcon/metadata/default/Gazebo.meta'
[0.144s] INFO:colcon.colcon_metadata.package_discovery.colcon_meta:Using configuration from '/root/.colcon/metadata/default/fastdds.meta'
[0.145s] INFO:colcon.colcon_metadata.package_discovery.colcon_meta:Using configuration from '/root/.colcon/metadata/default/fastrtps.meta'
[0.145s] Level 1:colcon.colcon_core.package_discovery:discover_packages(recursive) check parameters
[0.145s] Level 1:colcon.colcon_core.package_discovery:discover_packages(ignore) check parameters
[0.145s] Level 1:colcon.colcon_core.package_discovery:discover_packages(path) check parameters
[0.145s] Level 1:colcon.colcon_core.package_discovery:discover_packages(colcon_meta) discover
[0.145s] Level 1:colcon.colcon_core.package_discovery:discover_packages(recursive) discover
[0.145s] INFO:colcon.colcon_core.package_discovery:Crawling recursively for packages in '/MRTP/MRTP/clearpath_simulator'
[0.146s] Level 1:colcon.colcon_core.package_identification:_identify(.) by extensions ['ignore', 'ignore_ament_install']
[0.146s] Level 1:colcon.colcon_core.package_identification:_identify(.) by extension 'ignore'
[0.146s] Level 1:colcon.colcon_core.package_identification:_identify(.) by extension 'ignore_ament_install'
[0.146s] Level 1:colcon.colcon_core.package_identification:_identify(.) by extensions ['colcon_pkg']
[0.146s] Level 1:colcon.colcon_core.package_identification:_identify(.) by extension 'colcon_pkg'
[0.146s] Level 1:colcon.colcon_core.package_identification:_identify(.) by extensions ['colcon_meta']
[0.146s] Level 1:colcon.colcon_core.package_identification:_identify(.) by extension 'colcon_meta'
[0.146s] Level 1:colcon.colcon_core.package_identification:_identify(.) by extensions ['ros']
[0.146s] Level 1:colcon.colcon_core.package_identification:_identify(.) by extension 'ros'
[0.169s] Level 1:colcon.colcon_core.package_identification:_identify(.) by extensions ['cmake', 'python']
[0.169s] Level 1:colcon.colcon_core.package_identification:_identify(.) by extension 'cmake'
[0.170s] Level 1:colcon.colcon_core.package_identification:_identify(.) by extension 'python'
[0.170s] Level 1:colcon.colcon_core.package_identification:_identify(.) by extensions ['python_setup_py']
[0.170s] Level 1:colcon.colcon_core.package_identification:_identify(.) by extension 'python_setup_py'
[0.170s] Level 1:colcon.colcon_core.package_identification:_identify(build) by extensions ['ignore', 'ignore_ament_install']
[0.170s] Level 1:colcon.colcon_core.package_identification:_identify(build) by extension 'ignore'
[0.171s] Level 1:colcon.colcon_core.package_identification:_identify(build) ignored
[0.171s] Level 1:colcon.colcon_core.package_identification:_identify(clearpath_generator_gz) by extensions ['ignore', 'ignore_ament_install']
[0.171s] Level 1:colcon.colcon_core.package_identification:_identify(clearpath_generator_gz) by extension 'ignore'
[0.171s] Level 1:colcon.colcon_core.package_identification:_identify(clearpath_generator_gz) by extension 'ignore_ament_install'
[0.171s] Level 1:colcon.colcon_core.package_identification:_identify(clearpath_generator_gz) by extensions ['colcon_pkg']
[0.171s] Level 1:colcon.colcon_core.package_identification:_identify(clearpath_generator_gz) by extension 'colcon_pkg'
[0.171s] Level 1:colcon.colcon_core.package_identification:_identify(clearpath_generator_gz) by extensions ['colcon_meta']
[0.172s] Level 1:colcon.colcon_core.package_identification:_identify(clearpath_generator_gz) by extension 'colcon_meta'
[0.172s] Level 1:colcon.colcon_core.package_identification:_identify(clearpath_generator_gz) by extensions ['ros']
[0.172s] Level 1:colcon.colcon_core.package_identification:_identify(clearpath_generator_gz) by extension 'ros'
[0.174s] DEBUG:colcon.colcon_core.package_identification:Package 'clearpath_generator_gz' with type 'ros.ament_cmake' and name 'clearpath_generator_gz'
[0.174s] Level 1:colcon.colcon_core.package_identification:_identify(clearpath_gz) by extensions ['ignore', 'ignore_ament_install']
[0.174s] Level 1:colcon.colcon_core.package_identification:_identify(clearpath_gz) by extension 'ignore'
[0.175s] Level 1:colcon.colcon_core.package_identification:_identify(clearpath_gz) by extension 'ignore_ament_install'
[0.175s] Level 1:colcon.colcon_core.package_identification:_identify(clearpath_gz) by extensions ['colcon_pkg']
[0.175s] Level 1:colcon.colcon_core.package_identification:_identify(clearpath_gz) by extension 'colcon_pkg'
[0.175s] Level 1:colcon.colcon_core.package_identification:_identify(clearpath_gz) by extensions ['colcon_meta']
[0.175s] Level 1:colcon.colcon_core.package_identification:_identify(clearpath_gz) by extension 'colcon_meta'
[0.175s] Level 1:colcon.colcon_core.package_identification:_identify(clearpath_gz) by extensions ['ros']
[0.175s] Level 1:colcon.colcon_core.package_identification:_identify(clearpath_gz) by extension 'ros'
[0.176s] DEBUG:colcon.colcon_core.package_identification:Package 'clearpath_gz' with type 'ros.ament_cmake' and name 'clearpath_gz'
[0.176s] Level 1:colcon.colcon_core.package_identification:_identify(clearpath_simulator) by extensions ['ignore', 'ignore_ament_install']
[0.176s] Level 1:colcon.colcon_core.package_identification:_identify(clearpath_simulator) by extension 'ignore'
[0.176s] Level 1:colcon.colcon_core.package_identification:_identify(clearpath_simulator) by extension 'ignore_ament_install'
[0.177s] Level 1:colcon.colcon_core.package_identification:_identify(clearpath_simulator) by extensions ['colcon_pkg']
[0.177s] Level 1:colcon.colcon_core.package_identification:_identify(clearpath_simulator) by extension 'colcon_pkg'
[0.177s] Level 1:colcon.colcon_core.package_identification:_identify(clearpath_simulator) by extensions ['colcon_meta']
[0.177s] Level 1:colcon.colcon_core.package_identification:_identify(clearpath_simulator) by extension 'colcon_meta'
[0.177s] Level 1:colcon.colcon_core.package_identification:_identify(clearpath_simulator) by extensions ['ros']
[0.177s] Level 1:colcon.colcon_core.package_identification:_identify(clearpath_simulator) by extension 'ros'
[0.177s] DEBUG:colcon.colcon_core.package_identification:Package 'clearpath_simulator' with type 'ros.ament_cmake' and name 'clearpath_simulator'
[0.178s] Level 1:colcon.colcon_core.package_identification:_identify(docs) by extensions ['ignore', 'ignore_ament_install']
[0.178s] Level 1:colcon.colcon_core.package_identification:_identify(docs) by extension 'ignore'
[0.178s] Level 1:colcon.colcon_core.package_identification:_identify(docs) by extension 'ignore_ament_install'
[0.178s] Level 1:colcon.colcon_core.package_identification:_identify(docs) by extensions ['colcon_pkg']
[0.178s] Level 1:colcon.colcon_core.package_identification:_identify(docs) by extension 'colcon_pkg'
[0.178s] Level 1:colcon.colcon_core.package_identification:_identify(docs) by extensions ['colcon_meta']
[0.178s] Level 1:colcon.colcon_core.package_identification:_identify(docs) by extension 'colcon_meta'
[0.178s] Level 1:colcon.colcon_core.package_identification:_identify(docs) by extensions ['ros']
[0.179s] Level 1:colcon.colcon_core.package_identification:_identify(docs) by extension 'ros'
[0.179s] Level 1:colcon.colcon_core.package_identification:_identify(docs) by extensions ['cmake', 'python']
[0.179s] Level 1:colcon.colcon_core.package_identification:_identify(docs) by extension 'cmake'
[0.179s] Level 1:colcon.colcon_core.package_identification:_identify(docs) by extension 'python'
[0.179s] Level 1:colcon.colcon_core.package_identification:_identify(docs) by extensions ['python_setup_py']
[0.179s] Level 1:colcon.colcon_core.package_identification:_identify(docs) by extension 'python_setup_py'
[0.179s] Level 1:colcon.colcon_core.package_identification:_identify(docs/construction) by extensions ['ignore', 'ignore_ament_install']
[0.179s] Level 1:colcon.colcon_core.package_identification:_identify(docs/construction) by extension 'ignore'
[0.180s] Level 1:colcon.colcon_core.package_identification:_identify(docs/construction) by extension 'ignore_ament_install'
[0.180s] Level 1:colcon.colcon_core.package_identification:_identify(docs/construction) by extensions ['colcon_pkg']
[0.180s] Level 1:colcon.colcon_core.package_identification:_identify(docs/construction) by extension 'colcon_pkg'
[0.180s] Level 1:colcon.colcon_core.package_identification:_identify(docs/construction) by extensions ['colcon_meta']
[0.180s] Level 1:colcon.colcon_core.package_identification:_identify(docs/construction) by extension 'colcon_meta'
[0.180s] Level 1:colcon.colcon_core.package_identification:_identify(docs/construction) by extensions ['ros']
[0.180s] Level 1:colcon.colcon_core.package_identification:_identify(docs/construction) by extension 'ros'
[0.180s] Level 1:colcon.colcon_core.package_identification:_identify(docs/construction) by extensions ['cmake', 'python']
[0.180s] Level 1:colcon.colcon_core.package_identification:_identify(docs/construction) by extension 'cmake'
[0.180s] Level 1:colcon.colcon_core.package_identification:_identify(docs/construction) by extension 'python'
[0.181s] Level 1:colcon.colcon_core.package_identification:_identify(docs/construction) by extensions ['python_setup_py']
[0.181s] Level 1:colcon.colcon_core.package_identification:_identify(docs/construction) by extension 'python_setup_py'
[0.181s] Level 1:colcon.colcon_core.package_identification:_identify(docs/office) by extensions ['ignore', 'ignore_ament_install']
[0.181s] Level 1:colcon.colcon_core.package_identification:_identify(docs/office) by extension 'ignore'
[0.181s] Level 1:colcon.colcon_core.package_identification:_identify(docs/office) by extension 'ignore_ament_install'
[0.181s] Level 1:colcon.colcon_core.package_identification:_identify(docs/office) by extensions ['colcon_pkg']
[0.181s] Level 1:colcon.colcon_core.package_identification:_identify(docs/office) by extension 'colcon_pkg'
[0.182s] Level 1:colcon.colcon_core.package_identification:_identify(docs/office) by extensions ['colcon_meta']
[0.182s] Level 1:colcon.colcon_core.package_identification:_identify(docs/office) by extension 'colcon_meta'
[0.182s] Level 1:colcon.colcon_core.package_identification:_identify(docs/office) by extensions ['ros']
[0.182s] Level 1:colcon.colcon_core.package_identification:_identify(docs/office) by extension 'ros'
[0.182s] Level 1:colcon.colcon_core.package_identification:_identify(docs/office) by extensions ['cmake', 'python']
[0.182s] Level 1:colcon.colcon_core.package_identification:_identify(docs/office) by extension 'cmake'
[0.182s] Level 1:colcon.colcon_core.package_identification:_identify(docs/office) by extension 'python'
[0.182s] Level 1:colcon.colcon_core.package_identification:_identify(docs/office) by extensions ['python_setup_py']
[0.182s] Level 1:colcon.colcon_core.package_identification:_identify(docs/office) by extension 'python_setup_py'
[0.182s] Level 1:colcon.colcon_core.package_identification:_identify(docs/orchard) by extensions ['ignore', 'ignore_ament_install']
[0.183s] Level 1:colcon.colcon_core.package_identification:_identify(docs/orchard) by extension 'ignore'
[0.183s] Level 1:colcon.colcon_core.package_identification:_identify(docs/orchard) by extension 'ignore_ament_install'
[0.183s] Level 1:colcon.colcon_core.package_identification:_identify(docs/orchard) by extensions ['colcon_pkg']
[0.183s] Level 1:colcon.colcon_core.package_identification:_identify(docs/orchard) by extension 'colcon_pkg'
[0.183s] Level 1:colcon.colcon_core.package_identification:_identify(docs/orchard) by extensions ['colcon_meta']
[0.183s] Level 1:colcon.colcon_core.package_identification:_identify(docs/orchard) by extension 'colcon_meta'
[0.183s] Level 1:colcon.colcon_core.package_identification:_identify(docs/orchard) by extensions ['ros']
[0.183s] Level 1:colcon.colcon_core.package_identification:_identify(docs/orchard) by extension 'ros'
[0.183s] Level 1:colcon.colcon_core.package_identification:_identify(docs/orchard) by extensions ['cmake', 'python']
[0.183s] Level 1:colcon.colcon_core.package_identification:_identify(docs/orchard) by extension 'cmake'
[0.183s] Level 1:colcon.colcon_core.package_identification:_identify(docs/orchard) by extension 'python'
[0.183s] Level 1:colcon.colcon_core.package_identification:_identify(docs/orchard) by extensions ['python_setup_py']
[0.184s] Level 1:colcon.colcon_core.package_identification:_identify(docs/orchard) by extension 'python_setup_py'
[0.184s] Level 1:colcon.colcon_core.package_identification:_identify(docs/pipeline) by extensions ['ignore', 'ignore_ament_install']
[0.184s] Level 1:colcon.colcon_core.package_identification:_identify(docs/pipeline) by extension 'ignore'
[0.184s] Level 1:colcon.colcon_core.package_identification:_identify(docs/pipeline) by extension 'ignore_ament_install'
[0.184s] Level 1:colcon.colcon_core.package_identification:_identify(docs/pipeline) by extensions ['colcon_pkg']
[0.184s] Level 1:colcon.colcon_core.package_identification:_identify(docs/pipeline) by extension 'colcon_pkg'
[0.184s] Level 1:colcon.colcon_core.package_identification:_identify(docs/pipeline) by extensions ['colcon_meta']
[0.184s] Level 1:colcon.colcon_core.package_identification:_identify(docs/pipeline) by extension 'colcon_meta'
[0.185s] Level 1:colcon.colcon_core.package_identification:_identify(docs/pipeline) by extensions ['ros']
[0.185s] Level 1:colcon.colcon_core.package_identification:_identify(docs/pipeline) by extension 'ros'
[0.185s] Level 1:colcon.colcon_core.package_identification:_identify(docs/pipeline) by extensions ['cmake', 'python']
[0.185s] Level 1:colcon.colcon_core.package_identification:_identify(docs/pipeline) by extension 'cmake'
[0.185s] Level 1:colcon.colcon_core.package_identification:_identify(docs/pipeline) by extension 'python'
[0.185s] Level 1:colcon.colcon_core.package_identification:_identify(docs/pipeline) by extensions ['python_setup_py']
[0.185s] Level 1:colcon.colcon_core.package_identification:_identify(docs/pipeline) by extension 'python_setup_py'
[0.185s] Level 1:colcon.colcon_core.package_identification:_identify(docs/solar_farm) by extensions ['ignore', 'ignore_ament_install']
[0.186s] Level 1:colcon.colcon_core.package_identification:_identify(docs/solar_farm) by extension 'ignore'
[0.186s] Level 1:colcon.colcon_core.package_identification:_identify(docs/solar_farm) by extension 'ignore_ament_install'
[0.186s] Level 1:colcon.colcon_core.package_identification:_identify(docs/solar_farm) by extensions ['colcon_pkg']
[0.186s] Level 1:colcon.colcon_core.package_identification:_identify(docs/solar_farm) by extension 'colcon_pkg'
[0.186s] Level 1:colcon.colcon_core.package_identification:_identify(docs/solar_farm) by extensions ['colcon_meta']
[0.186s] Level 1:colcon.colcon_core.package_identification:_identify(docs/solar_farm) by extension 'colcon_meta'
[0.186s] Level 1:colcon.colcon_core.package_identification:_identify(docs/solar_farm) by extensions ['ros']
[0.186s] Level 1:colcon.colcon_core.package_identification:_identify(docs/solar_farm) by extension 'ros'
[0.186s] Level 1:colcon.colcon_core.package_identification:_identify(docs/solar_farm) by extensions ['cmake', 'python']
[0.186s] Level 1:colcon.colcon_core.package_identification:_identify(docs/solar_farm) by extension 'cmake'
[0.187s] Level 1:colcon.colcon_core.package_identification:_identify(docs/solar_farm) by extension 'python'
[0.187s] Level 1:colcon.colcon_core.package_identification:_identify(docs/solar_farm) by extensions ['python_setup_py']
[0.187s] Level 1:colcon.colcon_core.package_identification:_identify(docs/solar_farm) by extension 'python_setup_py'
[0.187s] Level 1:colcon.colcon_core.package_identification:_identify(docs/warehouse) by extensions ['ignore', 'ignore_ament_install']
[0.187s] Level 1:colcon.colcon_core.package_identification:_identify(docs/warehouse) by extension 'ignore'
[0.187s] Level 1:colcon.colcon_core.package_identification:_identify(docs/warehouse) by extension 'ignore_ament_install'
[0.187s] Level 1:colcon.colcon_core.package_identification:_identify(docs/warehouse) by extensions ['colcon_pkg']
[0.187s] Level 1:colcon.colcon_core.package_identification:_identify(docs/warehouse) by extension 'colcon_pkg'
[0.187s] Level 1:colcon.colcon_core.package_identification:_identify(docs/warehouse) by extensions ['colcon_meta']
[0.187s] Level 1:colcon.colcon_core.package_identification:_identify(docs/warehouse) by extension 'colcon_meta'
[0.188s] Level 1:colcon.colcon_core.package_identification:_identify(docs/warehouse) by extensions ['ros']
[0.188s] Level 1:colcon.colcon_core.package_identification:_identify(docs/warehouse) by extension 'ros'
[0.188s] Level 1:colcon.colcon_core.package_identification:_identify(docs/warehouse) by extensions ['cmake', 'python']
[0.188s] Level 1:colcon.colcon_core.package_identification:_identify(docs/warehouse) by extension 'cmake'
[0.188s] Level 1:colcon.colcon_core.package_identification:_identify(docs/warehouse) by extension 'python'
[0.188s] Level 1:colcon.colcon_core.package_identification:_identify(docs/warehouse) by extensions ['python_setup_py']
[0.188s] Level 1:colcon.colcon_core.package_identification:_identify(docs/warehouse) by extension 'python_setup_py'
[0.188s] Level 1:colcon.colcon_core.package_identification:_identify(install) by extensions ['ignore', 'ignore_ament_install']
[0.188s] Level 1:colcon.colcon_core.package_identification:_identify(install) by extension 'ignore'
[0.189s] Level 1:colcon.colcon_core.package_identification:_identify(install) ignored
[0.189s] Level 1:colcon.colcon_core.package_identification:_identify(log) by extensions ['ignore', 'ignore_ament_install']
[0.189s] Level 1:colcon.colcon_core.package_identification:_identify(log) by extension 'ignore'
[0.189s] Level 1:colcon.colcon_core.package_identification:_identify(log) ignored
[0.189s] Level 1:colcon.colcon_core.package_discovery:discover_packages(recursive) using defaults
[0.189s] Level 1:colcon.colcon_core.package_discovery:discover_packages(ignore) discover
[0.189s] Level 1:colcon.colcon_core.package_discovery:discover_packages(ignore) using defaults
[0.189s] Level 1:colcon.colcon_core.package_discovery:discover_packages(path) discover
[0.190s] Level 1:colcon.colcon_core.package_discovery:discover_packages(path) using defaults
[0.205s] Level 5:colcon.colcon_core.verb:set package 'clearpath_generator_gz' build argument 'cmake_args' from command line to 'None'
[0.206s] Level 5:colcon.colcon_core.verb:set package 'clearpath_generator_gz' build argument 'cmake_target' from command line to 'None'
[0.206s] Level 5:colcon.colcon_core.verb:set package 'clearpath_generator_gz' build argument 'cmake_target_skip_unavailable' from command line to 'False'
[0.206s] Level 5:colcon.colcon_core.verb:set package 'clearpath_generator_gz' build argument 'cmake_clean_cache' from command line to 'False'
[0.206s] Level 5:colcon.colcon_core.verb:set package 'clearpath_generator_gz' build argument 'cmake_clean_first' from command line to 'False'
[0.206s] Level 5:colcon.colcon_core.verb:set package 'clearpath_generator_gz' build argument 'cmake_force_configure' from command line to 'False'
[0.206s] Level 5:colcon.colcon_core.verb:set package 'clearpath_generator_gz' build argument 'ament_cmake_args' from command line to 'None'
[0.206s] Level 5:colcon.colcon_core.verb:set package 'clearpath_generator_gz' build argument 'catkin_cmake_args' from command line to 'None'
[0.206s] Level 5:colcon.colcon_core.verb:set package 'clearpath_generator_gz' build argument 'catkin_skip_building_tests' from command line to 'False'
[0.206s] DEBUG:colcon.colcon_core.verb:Building package 'clearpath_generator_gz' with the following arguments: {'ament_cmake_args': None, 'build_base': '/MRTP/MRTP/clearpath_simulator/build/clearpath_generator_gz', 'catkin_cmake_args': None, 'catkin_skip_building_tests': False, 'cmake_args': None, 'cmake_clean_cache': False, 'cmake_clean_first': False, 'cmake_force_configure': False, 'cmake_target': None, 'cmake_target_skip_unavailable': False, 'install_base': '/MRTP/MRTP/clearpath_simulator/install/clearpath_generator_gz', 'merge_install': False, 'path': '/MRTP/MRTP/clearpath_simulator/clearpath_generator_gz', 'symlink_install': False, 'test_result_base': None}
[0.206s] Level 5:colcon.colcon_core.verb:set package 'clearpath_gz' build argument 'cmake_args' from command line to 'None'
[0.206s] Level 5:colcon.colcon_core.verb:set package 'clearpath_gz' build argument 'cmake_target' from command line to 'None'
[0.206s] Level 5:colcon.colcon_core.verb:set package 'clearpath_gz' build argument 'cmake_target_skip_unavailable' from command line to 'False'
[0.206s] Level 5:colcon.colcon_core.verb:set package 'clearpath_gz' build argument 'cmake_clean_cache' from command line to 'False'
[0.207s] Level 5:colcon.colcon_core.verb:set package 'clearpath_gz' build argument 'cmake_clean_first' from command line to 'False'
[0.207s] Level 5:colcon.colcon_core.verb:set package 'clearpath_gz' build argument 'cmake_force_configure' from command line to 'False'
[0.207s] Level 5:colcon.colcon_core.verb:set package 'clearpath_gz' build argument 'ament_cmake_args' from command line to 'None'
[0.207s] Level 5:colcon.colcon_core.verb:set package 'clearpath_gz' build argument 'catkin_cmake_args' from command line to 'None'
[0.207s] Level 5:colcon.colcon_core.verb:set package 'clearpath_gz' build argument 'catkin_skip_building_tests' from command line to 'False'
[0.207s] DEBUG:colcon.colcon_core.verb:Building package 'clearpath_gz' with the following arguments: {'ament_cmake_args': None, 'build_base': '/MRTP/MRTP/clearpath_simulator/build/clearpath_gz', 'catkin_cmake_args': None, 'catkin_skip_building_tests': False, 'cmake_args': None, 'cmake_clean_cache': False, 'cmake_clean_first': False, 'cmake_force_configure': False, 'cmake_target': None, 'cmake_target_skip_unavailable': False, 'install_base': '/MRTP/MRTP/clearpath_simulator/install/clearpath_gz', 'merge_install': False, 'path': '/MRTP/MRTP/clearpath_simulator/clearpath_gz', 'symlink_install': False, 'test_result_base': None}
[0.207s] Level 5:colcon.colcon_core.verb:set package 'clearpath_simulator' build argument 'cmake_args' from command line to 'None'
[0.207s] Level 5:colcon.colcon_core.verb:set package 'clearpath_simulator' build argument 'cmake_target' from command line to 'None'
[0.207s] Level 5:colcon.colcon_core.verb:set package 'clearpath_simulator' build argument 'cmake_target_skip_unavailable' from command line to 'False'
[0.207s] Level 5:colcon.colcon_core.verb:set package 'clearpath_simulator' build argument 'cmake_clean_cache' from command line to 'False'
[0.207s] Level 5:colcon.colcon_core.verb:set package 'clearpath_simulator' build argument 'cmake_clean_first' from command line to 'False'
[0.207s] Level 5:colcon.colcon_core.verb:set package 'clearpath_simulator' build argument 'cmake_force_configure' from command line to 'False'
[0.207s] Level 5:colcon.colcon_core.verb:set package 'clearpath_simulator' build argument 'ament_cmake_args' from command line to 'None'
[0.207s] Level 5:colcon.colcon_core.verb:set package 'clearpath_simulator' build argument 'catkin_cmake_args' from command line to 'None'
[0.207s] Level 5:colcon.colcon_core.verb:set package 'clearpath_simulator' build argument 'catkin_skip_building_tests' from command line to 'False'
[0.207s] DEBUG:colcon.colcon_core.verb:Building package 'clearpath_simulator' with the following arguments: {'ament_cmake_args': None, 'build_base': '/MRTP/MRTP/clearpath_simulator/build/clearpath_simulator', 'catkin_cmake_args': None, 'catkin_skip_building_tests': False, 'cmake_args': None, 'cmake_clean_cache': False, 'cmake_clean_first': False, 'cmake_force_configure': False, 'cmake_target': None, 'cmake_target_skip_unavailable': False, 'install_base': '/MRTP/MRTP/clearpath_simulator/install/clearpath_simulator', 'merge_install': False, 'path': '/MRTP/MRTP/clearpath_simulator/clearpath_simulator', 'symlink_install': False, 'test_result_base': None}
[0.208s] INFO:colcon.colcon_core.executor:Executing jobs using 'parallel' executor
[0.208s] DEBUG:colcon.colcon_parallel_executor.executor.parallel:run_until_complete
[0.209s] INFO:colcon.colcon_ros.task.ament_cmake.build:Building ROS package in '/MRTP/MRTP/clearpath_simulator/clearpath_generator_gz' with build type 'ament_cmake'
[0.209s] INFO:colcon.colcon_cmake.task.cmake.build:Building CMake package in '/MRTP/MRTP/clearpath_simulator/clearpath_generator_gz'
[0.210s] INFO:colcon.colcon_core.plugin_system:Skipping extension 'colcon_core.shell.bat': Not used on non-Windows systems
[0.211s] INFO:colcon.colcon_core.shell:Skip shell extension 'powershell' for command environment: Not usable outside of PowerShell
[0.211s] DEBUG:colcon.colcon_core.shell:Skip shell extension 'dsv' for command environment
[0.235s] DEBUG:colcon.colcon_core.event_handler.log_command:Invoking command in '/MRTP/MRTP/clearpath_simulator/build/clearpath_generator_gz': CMAKE_PREFIX_PATH=${CMAKE_PREFIX_PATH}:/MRTP/MRTP/install/gazeboenvs:/opt/ros/jazzy PS1=(.venv) \[\e]0;\u@\h: \w\a\]${debian_chroot:+($debian_chroot)}\u@\h:\w\$ VIRTUAL_ENV_PROMPT=(.venv) /usr/bin/cmake /MRTP/MRTP/clearpath_simulator/clearpath_generator_gz -DCMAKE_INSTALL_PREFIX=/MRTP/MRTP/clearpath_simulator/install/clearpath_generator_gz
[2.183s] DEBUG:colcon.colcon_core.event_handler.log_command:Invoked command in '/MRTP/MRTP/clearpath_simulator/build/clearpath_generator_gz' returned '0': CMAKE_PREFIX_PATH=${CMAKE_PREFIX_PATH}:/MRTP/MRTP/install/gazeboenvs:/opt/ros/jazzy PS1=(.venv) \[\e]0;\u@\h: \w\a\]${debian_chroot:+($debian_chroot)}\u@\h:\w\$ VIRTUAL_ENV_PROMPT=(.venv) /usr/bin/cmake /MRTP/MRTP/clearpath_simulator/clearpath_generator_gz -DCMAKE_INSTALL_PREFIX=/MRTP/MRTP/clearpath_simulator/install/clearpath_generator_gz
[2.184s] DEBUG:colcon.colcon_core.event_handler.log_command:Invoking command in '/MRTP/MRTP/clearpath_simulator/build/clearpath_generator_gz': CMAKE_PREFIX_PATH=${CMAKE_PREFIX_PATH}:/MRTP/MRTP/install/gazeboenvs:/opt/ros/jazzy PS1=(.venv) \[\e]0;\u@\h: \w\a\]${debian_chroot:+($debian_chroot)}\u@\h:\w\$ VIRTUAL_ENV_PROMPT=(.venv) /usr/bin/cmake --build /MRTP/MRTP/clearpath_simulator/build/clearpath_generator_gz -- -j8 -l8
[2.523s] DEBUG:colcon.colcon_core.event_handler.log_command:Invoked command in '/MRTP/MRTP/clearpath_simulator/build/clearpath_generator_gz' returned '0': CMAKE_PREFIX_PATH=${CMAKE_PREFIX_PATH}:/MRTP/MRTP/install/gazeboenvs:/opt/ros/jazzy PS1=(.venv) \[\e]0;\u@\h: \w\a\]${debian_chroot:+($debian_chroot)}\u@\h:\w\$ VIRTUAL_ENV_PROMPT=(.venv) /usr/bin/cmake --build /MRTP/MRTP/clearpath_simulator/build/clearpath_generator_gz -- -j8 -l8
[2.534s] DEBUG:colcon.colcon_core.event_handler.log_command:Invoking command in '/MRTP/MRTP/clearpath_simulator/build/clearpath_generator_gz': CMAKE_PREFIX_PATH=${CMAKE_PREFIX_PATH}:/MRTP/MRTP/install/gazeboenvs:/opt/ros/jazzy PS1=(.venv) \[\e]0;\u@\h: \w\a\]${debian_chroot:+($debian_chroot)}\u@\h:\w\$ VIRTUAL_ENV_PROMPT=(.venv) /usr/bin/cmake --install /MRTP/MRTP/clearpath_simulator/build/clearpath_generator_gz
[2.692s] Level 1:colcon.colcon_core.environment:create_environment_scripts_only(clearpath_generator_gz)
[2.694s] Level 1:colcon.colcon_core.environment:checking '/MRTP/MRTP/clearpath_simulator/install/clearpath_generator_gz' for CMake module files
[2.695s] DEBUG:colcon.colcon_core.event_handler.log_command:Invoked command in '/MRTP/MRTP/clearpath_simulator/build/clearpath_generator_gz' returned '0': CMAKE_PREFIX_PATH=${CMAKE_PREFIX_PATH}:/MRTP/MRTP/install/gazeboenvs:/opt/ros/jazzy PS1=(.venv) \[\e]0;\u@\h: \w\a\]${debian_chroot:+($debian_chroot)}\u@\h:\w\$ VIRTUAL_ENV_PROMPT=(.venv) /usr/bin/cmake --install /MRTP/MRTP/clearpath_simulator/build/clearpath_generator_gz
[2.697s] Level 1:colcon.colcon_core.environment:checking '/MRTP/MRTP/clearpath_simulator/install/clearpath_generator_gz' for CMake config files
[2.702s] Level 1:colcon.colcon_core.shell:create_environment_hook('clearpath_generator_gz', 'cmake_prefix_path')
[2.702s] INFO:colcon.colcon_core.shell:Creating environment hook '/MRTP/MRTP/clearpath_simulator/install/clearpath_generator_gz/share/clearpath_generator_gz/hook/cmake_prefix_path.ps1'
[2.703s] INFO:colcon.colcon_core.shell:Creating environment descriptor '/MRTP/MRTP/clearpath_simulator/install/clearpath_generator_gz/share/clearpath_generator_gz/hook/cmake_prefix_path.dsv'
[2.704s] INFO:colcon.colcon_core.shell:Creating environment hook '/MRTP/MRTP/clearpath_simulator/install/clearpath_generator_gz/share/clearpath_generator_gz/hook/cmake_prefix_path.sh'
[2.705s] Level 1:colcon.colcon_core.environment:checking '/MRTP/MRTP/clearpath_simulator/install/clearpath_generator_gz/lib'
[2.705s] Level 1:colcon.colcon_core.environment:checking '/MRTP/MRTP/clearpath_simulator/install/clearpath_generator_gz/bin'
[2.705s] Level 1:colcon.colcon_core.environment:checking '/MRTP/MRTP/clearpath_simulator/install/clearpath_generator_gz/lib/pkgconfig/clearpath_generator_gz.pc'
[2.707s] Level 1:colcon.colcon_core.environment:checking '/MRTP/MRTP/clearpath_simulator/install/clearpath_generator_gz/lib/python3.12/site-packages'
[2.707s] Level 1:colcon.colcon_core.shell:create_environment_hook('clearpath_generator_gz', 'pythonpath')
[2.707s] INFO:colcon.colcon_core.shell:Creating environment hook '/MRTP/MRTP/clearpath_simulator/install/clearpath_generator_gz/share/clearpath_generator_gz/hook/pythonpath.ps1'
[2.707s] INFO:colcon.colcon_core.shell:Creating environment descriptor '/MRTP/MRTP/clearpath_simulator/install/clearpath_generator_gz/share/clearpath_generator_gz/hook/pythonpath.dsv'
[2.708s] INFO:colcon.colcon_core.shell:Creating environment hook '/MRTP/MRTP/clearpath_simulator/install/clearpath_generator_gz/share/clearpath_generator_gz/hook/pythonpath.sh'
[2.709s] Level 1:colcon.colcon_core.environment:checking '/MRTP/MRTP/clearpath_simulator/install/clearpath_generator_gz/bin'
[2.709s] INFO:colcon.colcon_core.shell:Creating package script '/MRTP/MRTP/clearpath_simulator/install/clearpath_generator_gz/share/clearpath_generator_gz/package.ps1'
[2.710s] INFO:colcon.colcon_core.shell:Creating package descriptor '/MRTP/MRTP/clearpath_simulator/install/clearpath_generator_gz/share/clearpath_generator_gz/package.dsv'
[2.710s] INFO:colcon.colcon_core.shell:Creating package script '/MRTP/MRTP/clearpath_simulator/install/clearpath_generator_gz/share/clearpath_generator_gz/package.sh'
[2.711s] INFO:colcon.colcon_core.shell:Creating package script '/MRTP/MRTP/clearpath_simulator/install/clearpath_generator_gz/share/clearpath_generator_gz/package.bash'
[2.712s] INFO:colcon.colcon_core.shell:Creating package script '/MRTP/MRTP/clearpath_simulator/install/clearpath_generator_gz/share/clearpath_generator_gz/package.zsh'
[2.713s] Level 1:colcon.colcon_core.environment:create_file_with_runtime_dependencies(/MRTP/MRTP/clearpath_simulator/install/clearpath_generator_gz/share/colcon-core/packages/clearpath_generator_gz)
[2.715s] Level 1:colcon.colcon_core.environment:create_environment_scripts_only(clearpath_generator_gz)
[2.715s] Level 1:colcon.colcon_core.environment:checking '/MRTP/MRTP/clearpath_simulator/install/clearpath_generator_gz' for CMake module files
[2.717s] Level 1:colcon.colcon_core.environment:checking '/MRTP/MRTP/clearpath_simulator/install/clearpath_generator_gz' for CMake config files
[2.721s] Level 1:colcon.colcon_core.shell:create_environment_hook('clearpath_generator_gz', 'cmake_prefix_path')
[2.721s] INFO:colcon.colcon_core.shell:Creating environment hook '/MRTP/MRTP/clearpath_simulator/install/clearpath_generator_gz/share/clearpath_generator_gz/hook/cmake_prefix_path.ps1'
[2.722s] INFO:colcon.colcon_core.shell:Creating environment descriptor '/MRTP/MRTP/clearpath_simulator/install/clearpath_generator_gz/share/clearpath_generator_gz/hook/cmake_prefix_path.dsv'
[2.723s] INFO:colcon.colcon_core.shell:Creating environment hook '/MRTP/MRTP/clearpath_simulator/install/clearpath_generator_gz/share/clearpath_generator_gz/hook/cmake_prefix_path.sh'
[2.723s] Level 1:colcon.colcon_core.environment:checking '/MRTP/MRTP/clearpath_simulator/install/clearpath_generator_gz/lib'
[2.724s] Level 1:colcon.colcon_core.environment:checking '/MRTP/MRTP/clearpath_simulator/install/clearpath_generator_gz/bin'
[2.724s] Level 1:colcon.colcon_core.environment:checking '/MRTP/MRTP/clearpath_simulator/install/clearpath_generator_gz/lib/pkgconfig/clearpath_generator_gz.pc'
[2.724s] Level 1:colcon.colcon_core.environment:checking '/MRTP/MRTP/clearpath_simulator/install/clearpath_generator_gz/lib/python3.12/site-packages'
[2.724s] Level 1:colcon.colcon_core.shell:create_environment_hook('clearpath_generator_gz', 'pythonpath')
[2.724s] INFO:colcon.colcon_core.shell:Creating environment hook '/MRTP/MRTP/clearpath_simulator/install/clearpath_generator_gz/share/clearpath_generator_gz/hook/pythonpath.ps1'
[2.726s] INFO:colcon.colcon_core.shell:Creating environment descriptor '/MRTP/MRTP/clearpath_simulator/install/clearpath_generator_gz/share/clearpath_generator_gz/hook/pythonpath.dsv'
[2.727s] INFO:colcon.colcon_core.shell:Creating environment hook '/MRTP/MRTP/clearpath_simulator/install/clearpath_generator_gz/share/clearpath_generator_gz/hook/pythonpath.sh'
[2.728s] Level 1:colcon.colcon_core.environment:checking '/MRTP/MRTP/clearpath_simulator/install/clearpath_generator_gz/bin'
[2.728s] INFO:colcon.colcon_core.shell:Creating package script '/MRTP/MRTP/clearpath_simulator/install/clearpath_generator_gz/share/clearpath_generator_gz/package.ps1'
[2.729s] INFO:colcon.colcon_core.shell:Creating package descriptor '/MRTP/MRTP/clearpath_simulator/install/clearpath_generator_gz/share/clearpath_generator_gz/package.dsv'
[2.730s] INFO:colcon.colcon_core.shell:Creating package script '/MRTP/MRTP/clearpath_simulator/install/clearpath_generator_gz/share/clearpath_generator_gz/package.sh'
[2.730s] INFO:colcon.colcon_core.shell:Creating package script '/MRTP/MRTP/clearpath_simulator/install/clearpath_generator_gz/share/clearpath_generator_gz/package.bash'
[2.731s] INFO:colcon.colcon_core.shell:Creating package script '/MRTP/MRTP/clearpath_simulator/install/clearpath_generator_gz/share/clearpath_generator_gz/package.zsh'
[2.731s] Level 1:colcon.colcon_core.environment:create_file_with_runtime_dependencies(/MRTP/MRTP/clearpath_simulator/install/clearpath_generator_gz/share/colcon-core/packages/clearpath_generator_gz)
[2.732s] INFO:colcon.colcon_ros.task.ament_cmake.build:Building ROS package in '/MRTP/MRTP/clearpath_simulator/clearpath_gz' with build type 'ament_cmake'
[2.732s] INFO:colcon.colcon_cmake.task.cmake.build:Building CMake package in '/MRTP/MRTP/clearpath_simulator/clearpath_gz'
[2.732s] INFO:colcon.colcon_core.shell:Skip shell extension 'powershell' for command environment: Not usable outside of PowerShell
[2.732s] DEBUG:colcon.colcon_core.shell:Skip shell extension 'dsv' for command environment
[2.754s] DEBUG:colcon.colcon_core.event_handler.log_command:Invoking command in '/MRTP/MRTP/clearpath_simulator/build/clearpath_gz': AMENT_PREFIX_PATH=/MRTP/MRTP/clearpath_simulator/install/clearpath_generator_gz:${AMENT_PREFIX_PATH} CMAKE_PREFIX_PATH=/MRTP/MRTP/clearpath_simulator/install/clearpath_generator_gz:/MRTP/MRTP/install/tracking:/MRTP/MRTP/install/talklisten:/MRTP/MRTP/install/robctl:/MRTP/MRTP/install/remap:/MRTP/MRTP/install/oopsquare:/MRTP/MRTP/install/lab7:/MRTP/MRTP/install/navigation:/MRTP/MRTP/install/multipletopics:/MRTP/MRTP/install/moverobo:/MRTP/MRTP/install/lab4:/MRTP/MRTP/install/examples:/MRTP/MRTP/install/clearpath_simulator:/MRTP/MRTP/install/clearpath_gz:/MRTP/MRTP/install/clearpath_generator_gz:/opt/ros/jazzy/opt/gz_sim_vendor:/opt/ros/jazzy/opt/gz_sensors_vendor:/opt/ros/jazzy/opt/gz_physics_vendor:/opt/ros/jazzy/opt/sdformat_vendor:/opt/ros/jazzy/opt/gz_gui_vendor:/opt/ros/jazzy/opt/gz_transport_vendor:/opt/ros/jazzy/opt/gz_rendering_vendor:/opt/ros/jazzy/opt/gz_plugin_vendor:/opt/ros/jazzy/opt/gz_fuel_tools_vendor:/opt/ros/jazzy/opt/gz_msgs_vendor:/opt/ros/jazzy/opt/gz_common_vendor:/opt/ros/jazzy/opt/gz_math_vendor:/opt/ros/jazzy/opt/gz_utils_vendor:/opt/ros/jazzy/opt/gz_tools_vendor:/opt/ros/jazzy/opt/gz_ogre_next_vendor:/opt/ros/jazzy/opt/gz_dartsim_vendor:/opt/ros/jazzy/opt/gz_cmake_vendor:/MRTP/MRTP/install/gazeboenvs:/opt/ros/jazzy PS1=(.venv) \[\e]0;\u@\h: \w\a\]${debian_chroot:+($debian_chroot)}\u@\h:\w\$ PYTHONPATH=/MRTP/MRTP/clearpath_simulator/install/clearpath_generator_gz/lib/python3.12/site-packages:${PYTHONPATH} VIRTUAL_ENV_PROMPT=(.venv) /usr/bin/cmake /MRTP/MRTP/clearpath_simulator/clearpath_gz -DCMAKE_INSTALL_PREFIX=/MRTP/MRTP/clearpath_simulator/install/clearpath_gz
[4.650s] DEBUG:colcon.colcon_core.event_handler.log_command:Invoked command in '/MRTP/MRTP/clearpath_simulator/build/clearpath_gz' returned '0': AMENT_PREFIX_PATH=/MRTP/MRTP/clearpath_simulator/install/clearpath_generator_gz:${AMENT_PREFIX_PATH} CMAKE_PREFIX_PATH=/MRTP/MRTP/clearpath_simulator/install/clearpath_generator_gz:/MRTP/MRTP/install/tracking:/MRTP/MRTP/install/talklisten:/MRTP/MRTP/install/robctl:/MRTP/MRTP/install/remap:/MRTP/MRTP/install/oopsquare:/MRTP/MRTP/install/lab7:/MRTP/MRTP/install/navigation:/MRTP/MRTP/install/multipletopics:/MRTP/MRTP/install/moverobo:/MRTP/MRTP/install/lab4:/MRTP/MRTP/install/examples:/MRTP/MRTP/install/clearpath_simulator:/MRTP/MRTP/install/clearpath_gz:/MRTP/MRTP/install/clearpath_generator_gz:/opt/ros/jazzy/opt/gz_sim_vendor:/opt/ros/jazzy/opt/gz_sensors_vendor:/opt/ros/jazzy/opt/gz_physics_vendor:/opt/ros/jazzy/opt/sdformat_vendor:/opt/ros/jazzy/opt/gz_gui_vendor:/opt/ros/jazzy/opt/gz_transport_vendor:/opt/ros/jazzy/opt/gz_rendering_vendor:/opt/ros/jazzy/opt/gz_plugin_vendor:/opt/ros/jazzy/opt/gz_fuel_tools_vendor:/opt/ros/jazzy/opt/gz_msgs_vendor:/opt/ros/jazzy/opt/gz_common_vendor:/opt/ros/jazzy/opt/gz_math_vendor:/opt/ros/jazzy/opt/gz_utils_vendor:/opt/ros/jazzy/opt/gz_tools_vendor:/opt/ros/jazzy/opt/gz_ogre_next_vendor:/opt/ros/jazzy/opt/gz_dartsim_vendor:/opt/ros/jazzy/opt/gz_cmake_vendor:/MRTP/MRTP/install/gazeboenvs:/opt/ros/jazzy PS1=(.venv) \[\e]0;\u@\h: \w\a\]${debian_chroot:+($debian_chroot)}\u@\h:\w\$ PYTHONPATH=/MRTP/MRTP/clearpath_simulator/install/clearpath_generator_gz/lib/python3.12/site-packages:${PYTHONPATH} VIRTUAL_ENV_PROMPT=(.venv) /usr/bin/cmake /MRTP/MRTP/clearpath_simulator/clearpath_gz -DCMAKE_INSTALL_PREFIX=/MRTP/MRTP/clearpath_simulator/install/clearpath_gz
[4.652s] DEBUG:colcon.colcon_core.event_handler.log_command:Invoking command in '/MRTP/MRTP/clearpath_simulator/build/clearpath_gz': AMENT_PREFIX_PATH=/MRTP/MRTP/clearpath_simulator/install/clearpath_generator_gz:${AMENT_PREFIX_PATH} CMAKE_PREFIX_PATH=/MRTP/MRTP/clearpath_simulator/install/clearpath_generator_gz:/MRTP/MRTP/install/tracking:/MRTP/MRTP/install/talklisten:/MRTP/MRTP/install/robctl:/MRTP/MRTP/install/remap:/MRTP/MRTP/install/oopsquare:/MRTP/MRTP/install/lab7:/MRTP/MRTP/install/navigation:/MRTP/MRTP/install/multipletopics:/MRTP/MRTP/install/moverobo:/MRTP/MRTP/install/lab4:/MRTP/MRTP/install/examples:/MRTP/MRTP/install/clearpath_simulator:/MRTP/MRTP/install/clearpath_gz:/MRTP/MRTP/install/clearpath_generator_gz:/opt/ros/jazzy/opt/gz_sim_vendor:/opt/ros/jazzy/opt/gz_sensors_vendor:/opt/ros/jazzy/opt/gz_physics_vendor:/opt/ros/jazzy/opt/sdformat_vendor:/opt/ros/jazzy/opt/gz_gui_vendor:/opt/ros/jazzy/opt/gz_transport_vendor:/opt/ros/jazzy/opt/gz_rendering_vendor:/opt/ros/jazzy/opt/gz_plugin_vendor:/opt/ros/jazzy/opt/gz_fuel_tools_vendor:/opt/ros/jazzy/opt/gz_msgs_vendor:/opt/ros/jazzy/opt/gz_common_vendor:/opt/ros/jazzy/opt/gz_math_vendor:/opt/ros/jazzy/opt/gz_utils_vendor:/opt/ros/jazzy/opt/gz_tools_vendor:/opt/ros/jazzy/opt/gz_ogre_next_vendor:/opt/ros/jazzy/opt/gz_dartsim_vendor:/opt/ros/jazzy/opt/gz_cmake_vendor:/MRTP/MRTP/install/gazeboenvs:/opt/ros/jazzy PS1=(.venv) \[\e]0;\u@\h: \w\a\]${debian_chroot:+($debian_chroot)}\u@\h:\w\$ PYTHONPATH=/MRTP/MRTP/clearpath_simulator/install/clearpath_generator_gz/lib/python3.12/site-packages:${PYTHONPATH} VIRTUAL_ENV_PROMPT=(.venv) /usr/bin/cmake --build /MRTP/MRTP/clearpath_simulator/build/clearpath_gz -- -j8 -l8
[4.695s] DEBUG:colcon.colcon_core.event_handler.log_command:Invoked command in '/MRTP/MRTP/clearpath_simulator/build/clearpath_gz' returned '0': AMENT_PREFIX_PATH=/MRTP/MRTP/clearpath_simulator/install/clearpath_generator_gz:${AMENT_PREFIX_PATH} CMAKE_PREFIX_PATH=/MRTP/MRTP/clearpath_simulator/install/clearpath_generator_gz:/MRTP/MRTP/install/tracking:/MRTP/MRTP/install/talklisten:/MRTP/MRTP/install/robctl:/MRTP/MRTP/install/remap:/MRTP/MRTP/install/oopsquare:/MRTP/MRTP/install/lab7:/MRTP/MRTP/install/navigation:/MRTP/MRTP/install/multipletopics:/MRTP/MRTP/install/moverobo:/MRTP/MRTP/install/lab4:/MRTP/MRTP/install/examples:/MRTP/MRTP/install/clearpath_simulator:/MRTP/MRTP/install/clearpath_gz:/MRTP/MRTP/install/clearpath_generator_gz:/opt/ros/jazzy/opt/gz_sim_vendor:/opt/ros/jazzy/opt/gz_sensors_vendor:/opt/ros/jazzy/opt/gz_physics_vendor:/opt/ros/jazzy/opt/sdformat_vendor:/opt/ros/jazzy/opt/gz_gui_vendor:/opt/ros/jazzy/opt/gz_transport_vendor:/opt/ros/jazzy/opt/gz_rendering_vendor:/opt/ros/jazzy/opt/gz_plugin_vendor:/opt/ros/jazzy/opt/gz_fuel_tools_vendor:/opt/ros/jazzy/opt/gz_msgs_vendor:/opt/ros/jazzy/opt/gz_common_vendor:/opt/ros/jazzy/opt/gz_math_vendor:/opt/ros/jazzy/opt/gz_utils_vendor:/opt/ros/jazzy/opt/gz_tools_vendor:/opt/ros/jazzy/opt/gz_ogre_next_vendor:/opt/ros/jazzy/opt/gz_dartsim_vendor:/opt/ros/jazzy/opt/gz_cmake_vendor:/MRTP/MRTP/install/gazeboenvs:/opt/ros/jazzy PS1=(.venv) \[\e]0;\u@\h: \w\a\]${debian_chroot:+($debian_chroot)}\u@\h:\w\$ PYTHONPATH=/MRTP/MRTP/clearpath_simulator/install/clearpath_generator_gz/lib/python3.12/site-packages:${PYTHONPATH} VIRTUAL_ENV_PROMPT=(.venv) /usr/bin/cmake --build /MRTP/MRTP/clearpath_simulator/build/clearpath_gz -- -j8 -l8
[4.697s] DEBUG:colcon.colcon_core.event_handler.log_command:Invoking command in '/MRTP/MRTP/clearpath_simulator/build/clearpath_gz': AMENT_PREFIX_PATH=/MRTP/MRTP/clearpath_simulator/install/clearpath_generator_gz:${AMENT_PREFIX_PATH} CMAKE_PREFIX_PATH=/MRTP/MRTP/clearpath_simulator/install/clearpath_generator_gz:/MRTP/MRTP/install/tracking:/MRTP/MRTP/install/talklisten:/MRTP/MRTP/install/robctl:/MRTP/MRTP/install/remap:/MRTP/MRTP/install/oopsquare:/MRTP/MRTP/install/lab7:/MRTP/MRTP/install/navigation:/MRTP/MRTP/install/multipletopics:/MRTP/MRTP/install/moverobo:/MRTP/MRTP/install/lab4:/MRTP/MRTP/install/examples:/MRTP/MRTP/install/clearpath_simulator:/MRTP/MRTP/install/clearpath_gz:/MRTP/MRTP/install/clearpath_generator_gz:/opt/ros/jazzy/opt/gz_sim_vendor:/opt/ros/jazzy/opt/gz_sensors_vendor:/opt/ros/jazzy/opt/gz_physics_vendor:/opt/ros/jazzy/opt/sdformat_vendor:/opt/ros/jazzy/opt/gz_gui_vendor:/opt/ros/jazzy/opt/gz_transport_vendor:/opt/ros/jazzy/opt/gz_rendering_vendor:/opt/ros/jazzy/opt/gz_plugin_vendor:/opt/ros/jazzy/opt/gz_fuel_tools_vendor:/opt/ros/jazzy/opt/gz_msgs_vendor:/opt/ros/jazzy/opt/gz_common_vendor:/opt/ros/jazzy/opt/gz_math_vendor:/opt/ros/jazzy/opt/gz_utils_vendor:/opt/ros/jazzy/opt/gz_tools_vendor:/opt/ros/jazzy/opt/gz_ogre_next_vendor:/opt/ros/jazzy/opt/gz_dartsim_vendor:/opt/ros/jazzy/opt/gz_cmake_vendor:/MRTP/MRTP/install/gazeboenvs:/opt/ros/jazzy PS1=(.venv) \[\e]0;\u@\h: \w\a\]${debian_chroot:+($debian_chroot)}\u@\h:\w\$ PYTHONPATH=/MRTP/MRTP/clearpath_simulator/install/clearpath_generator_gz/lib/python3.12/site-packages:${PYTHONPATH} VIRTUAL_ENV_PROMPT=(.venv) /usr/bin/cmake --install /MRTP/MRTP/clearpath_simulator/build/clearpath_gz
[8.712s] Level 1:colcon.colcon_core.environment:create_environment_scripts_only(clearpath_gz)
[8.713s] Level 1:colcon.colcon_core.environment:checking '/MRTP/MRTP/clearpath_simulator/install/clearpath_gz' for CMake module files
[8.713s] DEBUG:colcon.colcon_core.event_handler.log_command:Invoked command in '/MRTP/MRTP/clearpath_simulator/build/clearpath_gz' returned '0': AMENT_PREFIX_PATH=/MRTP/MRTP/clearpath_simulator/install/clearpath_generator_gz:${AMENT_PREFIX_PATH} CMAKE_PREFIX_PATH=/MRTP/MRTP/clearpath_simulator/install/clearpath_generator_gz:/MRTP/MRTP/install/tracking:/MRTP/MRTP/install/talklisten:/MRTP/MRTP/install/robctl:/MRTP/MRTP/install/remap:/MRTP/MRTP/install/oopsquare:/MRTP/MRTP/install/lab7:/MRTP/MRTP/install/navigation:/MRTP/MRTP/install/multipletopics:/MRTP/MRTP/install/moverobo:/MRTP/MRTP/install/lab4:/MRTP/MRTP/install/examples:/MRTP/MRTP/install/clearpath_simulator:/MRTP/MRTP/install/clearpath_gz:/MRTP/MRTP/install/clearpath_generator_gz:/opt/ros/jazzy/opt/gz_sim_vendor:/opt/ros/jazzy/opt/gz_sensors_vendor:/opt/ros/jazzy/opt/gz_physics_vendor:/opt/ros/jazzy/opt/sdformat_vendor:/opt/ros/jazzy/opt/gz_gui_vendor:/opt/ros/jazzy/opt/gz_transport_vendor:/opt/ros/jazzy/opt/gz_rendering_vendor:/opt/ros/jazzy/opt/gz_plugin_vendor:/opt/ros/jazzy/opt/gz_fuel_tools_vendor:/opt/ros/jazzy/opt/gz_msgs_vendor:/opt/ros/jazzy/opt/gz_common_vendor:/opt/ros/jazzy/opt/gz_math_vendor:/opt/ros/jazzy/opt/gz_utils_vendor:/opt/ros/jazzy/opt/gz_tools_vendor:/opt/ros/jazzy/opt/gz_ogre_next_vendor:/opt/ros/jazzy/opt/gz_dartsim_vendor:/opt/ros/jazzy/opt/gz_cmake_vendor:/MRTP/MRTP/install/gazeboenvs:/opt/ros/jazzy PS1=(.venv) \[\e]0;\u@\h: \w\a\]${debian_chroot:+($debian_chroot)}\u@\h:\w\$ PYTHONPATH=/MRTP/MRTP/clearpath_simulator/install/clearpath_generator_gz/lib/python3.12/site-packages:${PYTHONPATH} VIRTUAL_ENV_PROMPT=(.venv) /usr/bin/cmake --install /MRTP/MRTP/clearpath_simulator/build/clearpath_gz
[8.716s] Level 1:colcon.colcon_core.environment:checking '/MRTP/MRTP/clearpath_simulator/install/clearpath_gz' for CMake config files
[8.717s] Level 1:colcon.colcon_core.shell:create_environment_hook('clearpath_gz', 'cmake_prefix_path')
[8.717s] INFO:colcon.colcon_core.shell:Creating environment hook '/MRTP/MRTP/clearpath_simulator/install/clearpath_gz/share/clearpath_gz/hook/cmake_prefix_path.ps1'
[8.718s] INFO:colcon.colcon_core.shell:Creating environment descriptor '/MRTP/MRTP/clearpath_simulator/install/clearpath_gz/share/clearpath_gz/hook/cmake_prefix_path.dsv'
[8.719s] INFO:colcon.colcon_core.shell:Creating environment hook '/MRTP/MRTP/clearpath_simulator/install/clearpath_gz/share/clearpath_gz/hook/cmake_prefix_path.sh'
[8.720s] Level 1:colcon.colcon_core.environment:checking '/MRTP/MRTP/clearpath_simulator/install/clearpath_gz/bin'
[8.720s] Level 1:colcon.colcon_core.environment:checking '/MRTP/MRTP/clearpath_simulator/install/clearpath_gz/lib/pkgconfig/clearpath_gz.pc'
[8.720s] Level 1:colcon.colcon_core.environment:checking '/MRTP/MRTP/clearpath_simulator/install/clearpath_gz/lib/python3.12/site-packages'
[8.721s] Level 1:colcon.colcon_core.environment:checking '/MRTP/MRTP/clearpath_simulator/install/clearpath_gz/bin'
[8.721s] INFO:colcon.colcon_core.shell:Creating package script '/MRTP/MRTP/clearpath_simulator/install/clearpath_gz/share/clearpath_gz/package.ps1'
[8.721s] INFO:colcon.colcon_core.shell:Creating package descriptor '/MRTP/MRTP/clearpath_simulator/install/clearpath_gz/share/clearpath_gz/package.dsv'
[8.722s] INFO:colcon.colcon_core.shell:Creating package script '/MRTP/MRTP/clearpath_simulator/install/clearpath_gz/share/clearpath_gz/package.sh'
[8.722s] INFO:colcon.colcon_core.shell:Creating package script '/MRTP/MRTP/clearpath_simulator/install/clearpath_gz/share/clearpath_gz/package.bash'
[8.723s] INFO:colcon.colcon_core.shell:Creating package script '/MRTP/MRTP/clearpath_simulator/install/clearpath_gz/share/clearpath_gz/package.zsh'
[8.724s] Level 1:colcon.colcon_core.environment:create_file_with_runtime_dependencies(/MRTP/MRTP/clearpath_simulator/install/clearpath_gz/share/colcon-core/packages/clearpath_gz)
[8.725s] Level 1:colcon.colcon_core.environment:create_environment_scripts_only(clearpath_gz)
[8.726s] Level 1:colcon.colcon_core.environment:checking '/MRTP/MRTP/clearpath_simulator/install/clearpath_gz' for CMake module files
[8.727s] Level 1:colcon.colcon_core.environment:checking '/MRTP/MRTP/clearpath_simulator/install/clearpath_gz' for CMake config files
[8.728s] Level 1:colcon.colcon_core.shell:create_environment_hook('clearpath_gz', 'cmake_prefix_path')
[8.728s] INFO:colcon.colcon_core.shell:Creating environment hook '/MRTP/MRTP/clearpath_simulator/install/clearpath_gz/share/clearpath_gz/hook/cmake_prefix_path.ps1'
[8.729s] INFO:colcon.colcon_core.shell:Creating environment descriptor '/MRTP/MRTP/clearpath_simulator/install/clearpath_gz/share/clearpath_gz/hook/cmake_prefix_path.dsv'
[8.729s] INFO:colcon.colcon_core.shell:Creating environment hook '/MRTP/MRTP/clearpath_simulator/install/clearpath_gz/share/clearpath_gz/hook/cmake_prefix_path.sh'
[8.730s] Level 1:colcon.colcon_core.environment:checking '/MRTP/MRTP/clearpath_simulator/install/clearpath_gz/bin'
[8.730s] Level 1:colcon.colcon_core.environment:checking '/MRTP/MRTP/clearpath_simulator/install/clearpath_gz/lib/pkgconfig/clearpath_gz.pc'
[8.731s] Level 1:colcon.colcon_core.environment:checking '/MRTP/MRTP/clearpath_simulator/install/clearpath_gz/lib/python3.12/site-packages'
[8.731s] Level 1:colcon.colcon_core.environment:checking '/MRTP/MRTP/clearpath_simulator/install/clearpath_gz/bin'
[8.731s] INFO:colcon.colcon_core.shell:Creating package script '/MRTP/MRTP/clearpath_simulator/install/clearpath_gz/share/clearpath_gz/package.ps1'
[8.732s] INFO:colcon.colcon_core.shell:Creating package descriptor '/MRTP/MRTP/clearpath_simulator/install/clearpath_gz/share/clearpath_gz/package.dsv'
[8.732s] INFO:colcon.colcon_core.shell:Creating package script '/MRTP/MRTP/clearpath_simulator/install/clearpath_gz/share/clearpath_gz/package.sh'
[8.733s] INFO:colcon.colcon_core.shell:Creating package script '/MRTP/MRTP/clearpath_simulator/install/clearpath_gz/share/clearpath_gz/package.bash'
[8.733s] INFO:colcon.colcon_core.shell:Creating package script '/MRTP/MRTP/clearpath_simulator/install/clearpath_gz/share/clearpath_gz/package.zsh'
[8.733s] Level 1:colcon.colcon_core.environment:create_file_with_runtime_dependencies(/MRTP/MRTP/clearpath_simulator/install/clearpath_gz/share/colcon-core/packages/clearpath_gz)
[8.734s] INFO:colcon.colcon_ros.task.ament_cmake.build:Building ROS package in '/MRTP/MRTP/clearpath_simulator/clearpath_simulator' with build type 'ament_cmake'
[8.734s] INFO:colcon.colcon_cmake.task.cmake.build:Building CMake package in '/MRTP/MRTP/clearpath_simulator/clearpath_simulator'
[8.734s] INFO:colcon.colcon_core.shell:Skip shell extension 'powershell' for command environment: Not usable outside of PowerShell
[8.735s] DEBUG:colcon.colcon_core.shell:Skip shell extension 'dsv' for command environment
[8.758s] DEBUG:colcon.colcon_core.event_handler.log_command:Invoking command in '/MRTP/MRTP/clearpath_simulator/build/clearpath_simulator': AMENT_PREFIX_PATH=/MRTP/MRTP/clearpath_simulator/install/clearpath_gz:/MRTP/MRTP/clearpath_simulator/install/clearpath_generator_gz:${AMENT_PREFIX_PATH} CMAKE_PREFIX_PATH=/MRTP/MRTP/clearpath_simulator/install/clearpath_gz:/MRTP/MRTP/clearpath_simulator/install/clearpath_generator_gz:/MRTP/MRTP/install/tracking:/MRTP/MRTP/install/talklisten:/MRTP/MRTP/install/robctl:/MRTP/MRTP/install/remap:/MRTP/MRTP/install/oopsquare:/MRTP/MRTP/install/lab7:/MRTP/MRTP/install/navigation:/MRTP/MRTP/install/multipletopics:/MRTP/MRTP/install/moverobo:/MRTP/MRTP/install/lab4:/MRTP/MRTP/install/examples:/MRTP/MRTP/install/clearpath_simulator:/MRTP/MRTP/install/clearpath_gz:/MRTP/MRTP/install/clearpath_generator_gz:/opt/ros/jazzy/opt/gz_sim_vendor:/opt/ros/jazzy/opt/gz_sensors_vendor:/opt/ros/jazzy/opt/gz_physics_vendor:/opt/ros/jazzy/opt/sdformat_vendor:/opt/ros/jazzy/opt/gz_gui_vendor:/opt/ros/jazzy/opt/gz_transport_vendor:/opt/ros/jazzy/opt/gz_rendering_vendor:/opt/ros/jazzy/opt/gz_plugin_vendor:/opt/ros/jazzy/opt/gz_fuel_tools_vendor:/opt/ros/jazzy/opt/gz_msgs_vendor:/opt/ros/jazzy/opt/gz_common_vendor:/opt/ros/jazzy/opt/gz_math_vendor:/opt/ros/jazzy/opt/gz_utils_vendor:/opt/ros/jazzy/opt/gz_tools_vendor:/opt/ros/jazzy/opt/gz_ogre_next_vendor:/opt/ros/jazzy/opt/gz_dartsim_vendor:/opt/ros/jazzy/opt/gz_cmake_vendor:/MRTP/MRTP/install/gazeboenvs:/opt/ros/jazzy PS1=(.venv) \[\e]0;\u@\h: \w\a\]${debian_chroot:+($debian_chroot)}\u@\h:\w\$ PYTHONPATH=/MRTP/MRTP/clearpath_simulator/install/clearpath_generator_gz/lib/python3.12/site-packages:${PYTHONPATH} VIRTUAL_ENV_PROMPT=(.venv) /usr/bin/cmake /MRTP/MRTP/clearpath_simulator/clearpath_simulator -DCMAKE_INSTALL_PREFIX=/MRTP/MRTP/clearpath_simulator/install/clearpath_simulator
[10.423s] DEBUG:colcon.colcon_core.event_handler.log_command:Invoked command in '/MRTP/MRTP/clearpath_simulator/build/clearpath_simulator' returned '0': AMENT_PREFIX_PATH=/MRTP/MRTP/clearpath_simulator/install/clearpath_gz:/MRTP/MRTP/clearpath_simulator/install/clearpath_generator_gz:${AMENT_PREFIX_PATH} CMAKE_PREFIX_PATH=/MRTP/MRTP/clearpath_simulator/install/clearpath_gz:/MRTP/MRTP/clearpath_simulator/install/clearpath_generator_gz:/MRTP/MRTP/install/tracking:/MRTP/MRTP/install/talklisten:/MRTP/MRTP/install/robctl:/MRTP/MRTP/install/remap:/MRTP/MRTP/install/oopsquare:/MRTP/MRTP/install/lab7:/MRTP/MRTP/install/navigation:/MRTP/MRTP/install/multipletopics:/MRTP/MRTP/install/moverobo:/MRTP/MRTP/install/lab4:/MRTP/MRTP/install/examples:/MRTP/MRTP/install/clearpath_simulator:/MRTP/MRTP/install/clearpath_gz:/MRTP/MRTP/install/clearpath_generator_gz:/opt/ros/jazzy/opt/gz_sim_vendor:/opt/ros/jazzy/opt/gz_sensors_vendor:/opt/ros/jazzy/opt/gz_physics_vendor:/opt/ros/jazzy/opt/sdformat_vendor:/opt/ros/jazzy/opt/gz_gui_vendor:/opt/ros/jazzy/opt/gz_transport_vendor:/opt/ros/jazzy/opt/gz_rendering_vendor:/opt/ros/jazzy/opt/gz_plugin_vendor:/opt/ros/jazzy/opt/gz_fuel_tools_vendor:/opt/ros/jazzy/opt/gz_msgs_vendor:/opt/ros/jazzy/opt/gz_common_vendor:/opt/ros/jazzy/opt/gz_math_vendor:/opt/ros/jazzy/opt/gz_utils_vendor:/opt/ros/jazzy/opt/gz_tools_vendor:/opt/ros/jazzy/opt/gz_ogre_next_vendor:/opt/ros/jazzy/opt/gz_dartsim_vendor:/opt/ros/jazzy/opt/gz_cmake_vendor:/MRTP/MRTP/install/gazeboenvs:/opt/ros/jazzy PS1=(.venv) \[\e]0;\u@\h: \w\a\]${debian_chroot:+($debian_chroot)}\u@\h:\w\$ PYTHONPATH=/MRTP/MRTP/clearpath_simulator/install/clearpath_generator_gz/lib/python3.12/site-packages:${PYTHONPATH} VIRTUAL_ENV_PROMPT=(.venv) /usr/bin/cmake /MRTP/MRTP/clearpath_simulator/clearpath_simulator -DCMAKE_INSTALL_PREFIX=/MRTP/MRTP/clearpath_simulator/install/clearpath_simulator
[10.424s] DEBUG:colcon.colcon_core.event_handler.log_command:Invoking command in '/MRTP/MRTP/clearpath_simulator/build/clearpath_simulator': AMENT_PREFIX_PATH=/MRTP/MRTP/clearpath_simulator/install/clearpath_gz:/MRTP/MRTP/clearpath_simulator/install/clearpath_generator_gz:${AMENT_PREFIX_PATH} CMAKE_PREFIX_PATH=/MRTP/MRTP/clearpath_simulator/install/clearpath_gz:/MRTP/MRTP/clearpath_simulator/install/clearpath_generator_gz:/MRTP/MRTP/install/tracking:/MRTP/MRTP/install/talklisten:/MRTP/MRTP/install/robctl:/MRTP/MRTP/install/remap:/MRTP/MRTP/install/oopsquare:/MRTP/MRTP/install/lab7:/MRTP/MRTP/install/navigation:/MRTP/MRTP/install/multipletopics:/MRTP/MRTP/install/moverobo:/MRTP/MRTP/install/lab4:/MRTP/MRTP/install/examples:/MRTP/MRTP/install/clearpath_simulator:/MRTP/MRTP/install/clearpath_gz:/MRTP/MRTP/install/clearpath_generator_gz:/opt/ros/jazzy/opt/gz_sim_vendor:/opt/ros/jazzy/opt/gz_sensors_vendor:/opt/ros/jazzy/opt/gz_physics_vendor:/opt/ros/jazzy/opt/sdformat_vendor:/opt/ros/jazzy/opt/gz_gui_vendor:/opt/ros/jazzy/opt/gz_transport_vendor:/opt/ros/jazzy/opt/gz_rendering_vendor:/opt/ros/jazzy/opt/gz_plugin_vendor:/opt/ros/jazzy/opt/gz_fuel_tools_vendor:/opt/ros/jazzy/opt/gz_msgs_vendor:/opt/ros/jazzy/opt/gz_common_vendor:/opt/ros/jazzy/opt/gz_math_vendor:/opt/ros/jazzy/opt/gz_utils_vendor:/opt/ros/jazzy/opt/gz_tools_vendor:/opt/ros/jazzy/opt/gz_ogre_next_vendor:/opt/ros/jazzy/opt/gz_dartsim_vendor:/opt/ros/jazzy/opt/gz_cmake_vendor:/MRTP/MRTP/install/gazeboenvs:/opt/ros/jazzy PS1=(.venv) \[\e]0;\u@\h: \w\a\]${debian_chroot:+($debian_chroot)}\u@\h:\w\$ PYTHONPATH=/MRTP/MRTP/clearpath_simulator/install/clearpath_generator_gz/lib/python3.12/site-packages:${PYTHONPATH} VIRTUAL_ENV_PROMPT=(.venv) /usr/bin/cmake --build /MRTP/MRTP/clearpath_simulator/build/clearpath_simulator -- -j8 -l8
[10.467s] DEBUG:colcon.colcon_core.event_handler.log_command:Invoked command in '/MRTP/MRTP/clearpath_simulator/build/clearpath_simulator' returned '0': AMENT_PREFIX_PATH=/MRTP/MRTP/clearpath_simulator/install/clearpath_gz:/MRTP/MRTP/clearpath_simulator/install/clearpath_generator_gz:${AMENT_PREFIX_PATH} CMAKE_PREFIX_PATH=/MRTP/MRTP/clearpath_simulator/install/clearpath_gz:/MRTP/MRTP/clearpath_simulator/install/clearpath_generator_gz:/MRTP/MRTP/install/tracking:/MRTP/MRTP/install/talklisten:/MRTP/MRTP/install/robctl:/MRTP/MRTP/install/remap:/MRTP/MRTP/install/oopsquare:/MRTP/MRTP/install/lab7:/MRTP/MRTP/install/navigation:/MRTP/MRTP/install/multipletopics:/MRTP/MRTP/install/moverobo:/MRTP/MRTP/install/lab4:/MRTP/MRTP/install/examples:/MRTP/MRTP/install/clearpath_simulator:/MRTP/MRTP/install/clearpath_gz:/MRTP/MRTP/install/clearpath_generator_gz:/opt/ros/jazzy/opt/gz_sim_vendor:/opt/ros/jazzy/opt/gz_sensors_vendor:/opt/ros/jazzy/opt/gz_physics_vendor:/opt/ros/jazzy/opt/sdformat_vendor:/opt/ros/jazzy/opt/gz_gui_vendor:/opt/ros/jazzy/opt/gz_transport_vendor:/opt/ros/jazzy/opt/gz_rendering_vendor:/opt/ros/jazzy/opt/gz_plugin_vendor:/opt/ros/jazzy/opt/gz_fuel_tools_vendor:/opt/ros/jazzy/opt/gz_msgs_vendor:/opt/ros/jazzy/opt/gz_common_vendor:/opt/ros/jazzy/opt/gz_math_vendor:/opt/ros/jazzy/opt/gz_utils_vendor:/opt/ros/jazzy/opt/gz_tools_vendor:/opt/ros/jazzy/opt/gz_ogre_next_vendor:/opt/ros/jazzy/opt/gz_dartsim_vendor:/opt/ros/jazzy/opt/gz_cmake_vendor:/MRTP/MRTP/install/gazeboenvs:/opt/ros/jazzy PS1=(.venv) \[\e]0;\u@\h: \w\a\]${debian_chroot:+($debian_chroot)}\u@\h:\w\$ PYTHONPATH=/MRTP/MRTP/clearpath_simulator/install/clearpath_generator_gz/lib/python3.12/site-packages:${PYTHONPATH} VIRTUAL_ENV_PROMPT=(.venv) /usr/bin/cmake --build /MRTP/MRTP/clearpath_simulator/build/clearpath_simulator -- -j8 -l8
[10.469s] DEBUG:colcon.colcon_core.event_handler.log_command:Invoking command in '/MRTP/MRTP/clearpath_simulator/build/clearpath_simulator': AMENT_PREFIX_PATH=/MRTP/MRTP/clearpath_simulator/install/clearpath_gz:/MRTP/MRTP/clearpath_simulator/install/clearpath_generator_gz:${AMENT_PREFIX_PATH} CMAKE_PREFIX_PATH=/MRTP/MRTP/clearpath_simulator/install/clearpath_gz:/MRTP/MRTP/clearpath_simulator/install/clearpath_generator_gz:/MRTP/MRTP/install/tracking:/MRTP/MRTP/install/talklisten:/MRTP/MRTP/install/robctl:/MRTP/MRTP/install/remap:/MRTP/MRTP/install/oopsquare:/MRTP/MRTP/install/lab7:/MRTP/MRTP/install/navigation:/MRTP/MRTP/install/multipletopics:/MRTP/MRTP/install/moverobo:/MRTP/MRTP/install/lab4:/MRTP/MRTP/install/examples:/MRTP/MRTP/install/clearpath_simulator:/MRTP/MRTP/install/clearpath_gz:/MRTP/MRTP/install/clearpath_generator_gz:/opt/ros/jazzy/opt/gz_sim_vendor:/opt/ros/jazzy/opt/gz_sensors_vendor:/opt/ros/jazzy/opt/gz_physics_vendor:/opt/ros/jazzy/opt/sdformat_vendor:/opt/ros/jazzy/opt/gz_gui_vendor:/opt/ros/jazzy/opt/gz_transport_vendor:/opt/ros/jazzy/opt/gz_rendering_vendor:/opt/ros/jazzy/opt/gz_plugin_vendor:/opt/ros/jazzy/opt/gz_fuel_tools_vendor:/opt/ros/jazzy/opt/gz_msgs_vendor:/opt/ros/jazzy/opt/gz_common_vendor:/opt/ros/jazzy/opt/gz_math_vendor:/opt/ros/jazzy/opt/gz_utils_vendor:/opt/ros/jazzy/opt/gz_tools_vendor:/opt/ros/jazzy/opt/gz_ogre_next_vendor:/opt/ros/jazzy/opt/gz_dartsim_vendor:/opt/ros/jazzy/opt/gz_cmake_vendor:/MRTP/MRTP/install/gazeboenvs:/opt/ros/jazzy PS1=(.venv) \[\e]0;\u@\h: \w\a\]${debian_chroot:+($debian_chroot)}\u@\h:\w\$ PYTHONPATH=/MRTP/MRTP/clearpath_simulator/install/clearpath_generator_gz/lib/python3.12/site-packages:${PYTHONPATH} VIRTUAL_ENV_PROMPT=(.venv) /usr/bin/cmake --install /MRTP/MRTP/clearpath_simulator/build/clearpath_simulator
[10.510s] Level 1:colcon.colcon_core.environment:create_environment_scripts_only(clearpath_simulator)
[10.510s] Level 1:colcon.colcon_core.environment:checking '/MRTP/MRTP/clearpath_simulator/install/clearpath_simulator' for CMake module files
[10.511s] DEBUG:colcon.colcon_core.event_handler.log_command:Invoked command in '/MRTP/MRTP/clearpath_simulator/build/clearpath_simulator' returned '0': AMENT_PREFIX_PATH=/MRTP/MRTP/clearpath_simulator/install/clearpath_gz:/MRTP/MRTP/clearpath_simulator/install/clearpath_generator_gz:${AMENT_PREFIX_PATH} CMAKE_PREFIX_PATH=/MRTP/MRTP/clearpath_simulator/install/clearpath_gz:/MRTP/MRTP/clearpath_simulator/install/clearpath_generator_gz:/MRTP/MRTP/install/tracking:/MRTP/MRTP/install/talklisten:/MRTP/MRTP/install/robctl:/MRTP/MRTP/install/remap:/MRTP/MRTP/install/oopsquare:/MRTP/MRTP/install/lab7:/MRTP/MRTP/install/navigation:/MRTP/MRTP/install/multipletopics:/MRTP/MRTP/install/moverobo:/MRTP/MRTP/install/lab4:/MRTP/MRTP/install/examples:/MRTP/MRTP/install/clearpath_simulator:/MRTP/MRTP/install/clearpath_gz:/MRTP/MRTP/install/clearpath_generator_gz:/opt/ros/jazzy/opt/gz_sim_vendor:/opt/ros/jazzy/opt/gz_sensors_vendor:/opt/ros/jazzy/opt/gz_physics_vendor:/opt/ros/jazzy/opt/sdformat_vendor:/opt/ros/jazzy/opt/gz_gui_vendor:/opt/ros/jazzy/opt/gz_transport_vendor:/opt/ros/jazzy/opt/gz_rendering_vendor:/opt/ros/jazzy/opt/gz_plugin_vendor:/opt/ros/jazzy/opt/gz_fuel_tools_vendor:/opt/ros/jazzy/opt/gz_msgs_vendor:/opt/ros/jazzy/opt/gz_common_vendor:/opt/ros/jazzy/opt/gz_math_vendor:/opt/ros/jazzy/opt/gz_utils_vendor:/opt/ros/jazzy/opt/gz_tools_vendor:/opt/ros/jazzy/opt/gz_ogre_next_vendor:/opt/ros/jazzy/opt/gz_dartsim_vendor:/opt/ros/jazzy/opt/gz_cmake_vendor:/MRTP/MRTP/install/gazeboenvs:/opt/ros/jazzy PS1=(.venv) \[\e]0;\u@\h: \w\a\]${debian_chroot:+($debian_chroot)}\u@\h:\w\$ PYTHONPATH=/MRTP/MRTP/clearpath_simulator/install/clearpath_generator_gz/lib/python3.12/site-packages:${PYTHONPATH} VIRTUAL_ENV_PROMPT=(.venv) /usr/bin/cmake --install /MRTP/MRTP/clearpath_simulator/build/clearpath_simulator
[10.512s] Level 1:colcon.colcon_core.environment:checking '/MRTP/MRTP/clearpath_simulator/install/clearpath_simulator' for CMake config files
[10.513s] Level 1:colcon.colcon_core.shell:create_environment_hook('clearpath_simulator', 'cmake_prefix_path')
[10.513s] INFO:colcon.colcon_core.shell:Creating environment hook '/MRTP/MRTP/clearpath_simulator/install/clearpath_simulator/share/clearpath_simulator/hook/cmake_prefix_path.ps1'
[10.514s] INFO:colcon.colcon_core.shell:Creating environment descriptor '/MRTP/MRTP/clearpath_simulator/install/clearpath_simulator/share/clearpath_simulator/hook/cmake_prefix_path.dsv'
[10.515s] INFO:colcon.colcon_core.shell:Creating environment hook '/MRTP/MRTP/clearpath_simulator/install/clearpath_simulator/share/clearpath_simulator/hook/cmake_prefix_path.sh'
[10.516s] Level 1:colcon.colcon_core.environment:checking '/MRTP/MRTP/clearpath_simulator/install/clearpath_simulator/bin'
[10.516s] Level 1:colcon.colcon_core.environment:checking '/MRTP/MRTP/clearpath_simulator/install/clearpath_simulator/lib/pkgconfig/clearpath_simulator.pc'
[10.516s] Level 1:colcon.colcon_core.environment:checking '/MRTP/MRTP/clearpath_simulator/install/clearpath_simulator/lib/python3.12/site-packages'
[10.516s] Level 1:colcon.colcon_core.environment:checking '/MRTP/MRTP/clearpath_simulator/install/clearpath_simulator/bin'
[10.517s] INFO:colcon.colcon_core.shell:Creating package script '/MRTP/MRTP/clearpath_simulator/install/clearpath_simulator/share/clearpath_simulator/package.ps1'
[10.517s] INFO:colcon.colcon_core.shell:Creating package descriptor '/MRTP/MRTP/clearpath_simulator/install/clearpath_simulator/share/clearpath_simulator/package.dsv'
[10.518s] INFO:colcon.colcon_core.shell:Creating package script '/MRTP/MRTP/clearpath_simulator/install/clearpath_simulator/share/clearpath_simulator/package.sh'
[10.518s] INFO:colcon.colcon_core.shell:Creating package script '/MRTP/MRTP/clearpath_simulator/install/clearpath_simulator/share/clearpath_simulator/package.bash'
[10.519s] INFO:colcon.colcon_core.shell:Creating package script '/MRTP/MRTP/clearpath_simulator/install/clearpath_simulator/share/clearpath_simulator/package.zsh'
[10.519s] Level 1:colcon.colcon_core.environment:create_file_with_runtime_dependencies(/MRTP/MRTP/clearpath_simulator/install/clearpath_simulator/share/colcon-core/packages/clearpath_simulator)
[10.521s] Level 1:colcon.colcon_core.environment:create_environment_scripts_only(clearpath_simulator)
[10.521s] Level 1:colcon.colcon_core.environment:checking '/MRTP/MRTP/clearpath_simulator/install/clearpath_simulator' for CMake module files
[10.522s] Level 1:colcon.colcon_core.environment:checking '/MRTP/MRTP/clearpath_simulator/install/clearpath_simulator' for CMake config files
[10.523s] Level 1:colcon.colcon_core.shell:create_environment_hook('clearpath_simulator', 'cmake_prefix_path')
[10.523s] INFO:colcon.colcon_core.shell:Creating environment hook '/MRTP/MRTP/clearpath_simulator/install/clearpath_simulator/share/clearpath_simulator/hook/cmake_prefix_path.ps1'
[10.524s] INFO:colcon.colcon_core.shell:Creating environment descriptor '/MRTP/MRTP/clearpath_simulator/install/clearpath_simulator/share/clearpath_simulator/hook/cmake_prefix_path.dsv'
[10.524s] INFO:colcon.colcon_core.shell:Creating environment hook '/MRTP/MRTP/clearpath_simulator/install/clearpath_simulator/share/clearpath_simulator/hook/cmake_prefix_path.sh'
[10.525s] Level 1:colcon.colcon_core.environment:checking '/MRTP/MRTP/clearpath_simulator/install/clearpath_simulator/bin'
[10.525s] Level 1:colcon.colcon_core.environment:checking '/MRTP/MRTP/clearpath_simulator/install/clearpath_simulator/lib/pkgconfig/clearpath_simulator.pc'
[10.526s] Level 1:colcon.colcon_core.environment:checking '/MRTP/MRTP/clearpath_simulator/install/clearpath_simulator/lib/python3.12/site-packages'
[10.526s] Level 1:colcon.colcon_core.environment:checking '/MRTP/MRTP/clearpath_simulator/install/clearpath_simulator/bin'
[10.526s] INFO:colcon.colcon_core.shell:Creating package script '/MRTP/MRTP/clearpath_simulator/install/clearpath_simulator/share/clearpath_simulator/package.ps1'
[10.527s] INFO:colcon.colcon_core.shell:Creating package descriptor '/MRTP/MRTP/clearpath_simulator/install/clearpath_simulator/share/clearpath_simulator/package.dsv'
[10.527s] INFO:colcon.colcon_core.shell:Creating package script '/MRTP/MRTP/clearpath_simulator/install/clearpath_simulator/share/clearpath_simulator/package.sh'
[10.528s] INFO:colcon.colcon_core.shell:Creating package script '/MRTP/MRTP/clearpath_simulator/install/clearpath_simulator/share/clearpath_simulator/package.bash'
[10.528s] INFO:colcon.colcon_core.shell:Creating package script '/MRTP/MRTP/clearpath_simulator/install/clearpath_simulator/share/clearpath_simulator/package.zsh'
[10.529s] Level 1:colcon.colcon_core.environment:create_file_with_runtime_dependencies(/MRTP/MRTP/clearpath_simulator/install/clearpath_simulator/share/colcon-core/packages/clearpath_simulator)
[10.529s] DEBUG:colcon.colcon_parallel_executor.executor.parallel:closing loop
[10.529s] DEBUG:colcon.colcon_parallel_executor.executor.parallel:loop closed
[10.529s] DEBUG:colcon.colcon_parallel_executor.executor.parallel:run_until_complete finished with '0'
[10.530s] DEBUG:colcon.colcon_core.event_reactor:joining thread
[10.536s] INFO:colcon.colcon_core.plugin_system:Skipping extension 'colcon_notification.desktop_notification.notify_send': Could not find 'notify-send'
[10.536s] INFO:colcon.colcon_core.plugin_system:Skipping extension 'colcon_notification.desktop_notification.terminal_notifier': Not used on non-Darwin systems
[10.537s] INFO:colcon.colcon_core.plugin_system:Skipping extension 'colcon_notification.desktop_notification.win32': Not used on non-Windows systems
[10.537s] INFO:colcon.colcon_notification.desktop_notification:Sending desktop notification using 'notify2'
[10.543s] DEBUG:colcon.colcon_notification.desktop_notification.notify2:Failed to initialize notify2: org.freedesktop.DBus.Error.Spawn.ExecFailed: /usr/bin/dbus-launch terminated abnormally with the following error: Autolaunch error: X11 initialization failed.

[10.543s] DEBUG:colcon.colcon_core.event_reactor:joined thread
[10.543s] INFO:colcon.colcon_core.shell:Creating prefix script '/MRTP/MRTP/clearpath_simulator/install/local_setup.ps1'
[10.545s] INFO:colcon.colcon_core.shell:Creating prefix util module '/MRTP/MRTP/clearpath_simulator/install/_local_setup_util_ps1.py'
[10.546s] INFO:colcon.colcon_core.shell:Creating prefix chain script '/MRTP/MRTP/clearpath_simulator/install/setup.ps1'
[10.551s] INFO:colcon.colcon_core.shell:Creating prefix script '/MRTP/MRTP/clearpath_simulator/install/local_setup.sh'
[10.552s] INFO:colcon.colcon_core.shell:Creating prefix util module '/MRTP/MRTP/clearpath_simulator/install/_local_setup_util_sh.py'
[10.553s] INFO:colcon.colcon_core.shell:Creating prefix chain script '/MRTP/MRTP/clearpath_simulator/install/setup.sh'
[10.559s] INFO:colcon.colcon_core.shell:Creating prefix script '/MRTP/MRTP/clearpath_simulator/install/local_setup.bash'
[10.560s] INFO:colcon.colcon_core.shell:Creating prefix chain script '/MRTP/MRTP/clearpath_simulator/install/setup.bash'
[10.567s] INFO:colcon.colcon_core.shell:Creating prefix script '/MRTP/MRTP/clearpath_simulator/install/local_setup.zsh'
[10.568s] INFO:colcon.colcon_core.shell:Creating prefix chain script '/MRTP/MRTP/clearpath_simulator/install/setup.zsh'
