[0.021s] Invoking command in '/MRTP/MRTP/clearpath_simulator/build/clearpath_generator_gz': CMAKE_PREFIX_PATH=${CMAKE_PREFIX_PATH}:/MRTP/MRTP/install/gazeboenvs:/opt/ros/jazzy PS1=(.venv) \[\e]0;\u@\h: \w\a\]${debian_chroot:+($debian_chroot)}\u@\h:\w\$ VIRTUAL_ENV_PROMPT=(.venv) /usr/bin/cmake --build /MRTP/MRTP/clearpath_simulator/build/clearpath_generator_gz -- -j8 -l8
[0.101s] Built target ament_cmake_python_copy_clearpath_generator_gz
[0.274s] running egg_info
[0.286s] writing clearpath_generator_gz.egg-info/PKG-INFO
[0.287s] writing dependency_links to clearpath_generator_gz.egg-info/dependency_links.txt
[0.288s] writing top-level names to clearpath_generator_gz.egg-info/top_level.txt
[0.327s] reading manifest file 'clearpath_generator_gz.egg-info/SOURCES.txt'
[0.329s] writing manifest file 'clearpath_generator_gz.egg-info/SOURCES.txt'
[0.355s] Built target ament_cmake_python_build_clearpath_generator_gz_egg
[0.365s] Invoked command in '/MRTP/MRTP/clearpath_simulator/build/clearpath_generator_gz' returned '0': CMAKE_PREFIX_PATH=${CMAKE_PREFIX_PATH}:/MRTP/MRTP/install/gazeboenvs:/opt/ros/jazzy PS1=(.venv) \[\e]0;\u@\h: \w\a\]${debian_chroot:+($debian_chroot)}\u@\h:\w\$ VIRTUAL_ENV_PROMPT=(.venv) /usr/bin/cmake --build /MRTP/MRTP/clearpath_simulator/build/clearpath_generator_gz -- -j8 -l8
[0.376s] Invoking command in '/MRTP/MRTP/clearpath_simulator/build/clearpath_generator_gz': CMAKE_PREFIX_PATH=${CMAKE_PREFIX_PATH}:/MRTP/MRTP/install/gazeboenvs:/opt/ros/jazzy PS1=(.venv) \[\e]0;\u@\h: \w\a\]${debian_chroot:+($debian_chroot)}\u@\h:\w\$ VIRTUAL_ENV_PROMPT=(.venv) /usr/bin/cmake --install /MRTP/MRTP/clearpath_simulator/build/clearpath_generator_gz
[0.386s] -- Install configuration: ""
[0.386s] -- Up-to-date: /MRTP/MRTP/clearpath_simulator/install/clearpath_generator_gz/lib/clearpath_generator_gz/generate_launch
[0.386s] -- Up-to-date: /MRTP/MRTP/clearpath_simulator/install/clearpath_generator_gz/lib/clearpath_generator_gz/ptz_controller_node
[0.387s] -- Up-to-date: /MRTP/MRTP/clearpath_simulator/install/clearpath_generator_gz/lib/clearpath_generator_gz/generate_param
[0.387s] -- Up-to-date: /MRTP/MRTP/clearpath_simulator/install/clearpath_generator_gz/share/clearpath_generator_gz/environment/pythonpath.sh
[0.387s] -- Up-to-date: /MRTP/MRTP/clearpath_simulator/install/clearpath_generator_gz/share/clearpath_generator_gz/environment/pythonpath.dsv
[0.388s] -- Up-to-date: /MRTP/MRTP/clearpath_simulator/install/clearpath_generator_gz/lib/python3.12/site-packages/clearpath_generator_gz-2.7.0-py3.12.egg-info
[0.388s] -- Installing: /MRTP/MRTP/clearpath_simulator/install/clearpath_generator_gz/lib/python3.12/site-packages/clearpath_generator_gz-2.7.0-py3.12.egg-info/PKG-INFO
[0.390s] -- Installing: /MRTP/MRTP/clearpath_simulator/install/clearpath_generator_gz/lib/python3.12/site-packages/clearpath_generator_gz-2.7.0-py3.12.egg-info/SOURCES.txt
[0.392s] -- Installing: /MRTP/MRTP/clearpath_simulator/install/clearpath_generator_gz/lib/python3.12/site-packages/clearpath_generator_gz-2.7.0-py3.12.egg-info/top_level.txt
[0.395s] -- Installing: /MRTP/MRTP/clearpath_simulator/install/clearpath_generator_gz/lib/python3.12/site-packages/clearpath_generator_gz-2.7.0-py3.12.egg-info/dependency_links.txt
[0.396s] -- Up-to-date: /MRTP/MRTP/clearpath_simulator/install/clearpath_generator_gz/lib/python3.12/site-packages/clearpath_generator_gz
[0.397s] -- Up-to-date: /MRTP/MRTP/clearpath_simulator/install/clearpath_generator_gz/lib/python3.12/site-packages/clearpath_generator_gz/nodes
[0.398s] -- Up-to-date: /MRTP/MRTP/clearpath_simulator/install/clearpath_generator_gz/lib/python3.12/site-packages/clearpath_generator_gz/nodes/ptz_controller_node
[0.398s] -- Up-to-date: /MRTP/MRTP/clearpath_simulator/install/clearpath_generator_gz/lib/python3.12/site-packages/clearpath_generator_gz/launch
[0.399s] -- Up-to-date: /MRTP/MRTP/clearpath_simulator/install/clearpath_generator_gz/lib/python3.12/site-packages/clearpath_generator_gz/launch/sensors.py
[0.399s] -- Up-to-date: /MRTP/MRTP/clearpath_simulator/install/clearpath_generator_gz/lib/python3.12/site-packages/clearpath_generator_gz/launch/__init__.py
[0.399s] -- Up-to-date: /MRTP/MRTP/clearpath_simulator/install/clearpath_generator_gz/lib/python3.12/site-packages/clearpath_generator_gz/launch/generator.py
[0.400s] -- Up-to-date: /MRTP/MRTP/clearpath_simulator/install/clearpath_generator_gz/lib/python3.12/site-packages/clearpath_generator_gz/launch/generate_launch
[0.400s] -- Up-to-date: /MRTP/MRTP/clearpath_simulator/install/clearpath_generator_gz/lib/python3.12/site-packages/clearpath_generator_gz/__init__.py
[0.401s] -- Up-to-date: /MRTP/MRTP/clearpath_simulator/install/clearpath_generator_gz/lib/python3.12/site-packages/clearpath_generator_gz/param
[0.401s] -- Up-to-date: /MRTP/MRTP/clearpath_simulator/install/clearpath_generator_gz/lib/python3.12/site-packages/clearpath_generator_gz/param/sensors.py
[0.401s] -- Up-to-date: /MRTP/MRTP/clearpath_simulator/install/clearpath_generator_gz/lib/python3.12/site-packages/clearpath_generator_gz/param/__init__.py
[0.402s] -- Up-to-date: /MRTP/MRTP/clearpath_simulator/install/clearpath_generator_gz/lib/python3.12/site-packages/clearpath_generator_gz/param/generator.py
[0.402s] -- Up-to-date: /MRTP/MRTP/clearpath_simulator/install/clearpath_generator_gz/lib/python3.12/site-packages/clearpath_generator_gz/param/generate_param
[0.440s] Listing '/MRTP/MRTP/clearpath_simulator/install/clearpath_generator_gz/lib/python3.12/site-packages/clearpath_generator_gz'...
[0.441s] Listing '/MRTP/MRTP/clearpath_simulator/install/clearpath_generator_gz/lib/python3.12/site-packages/clearpath_generator_gz/launch'...
[0.441s] Listing '/MRTP/MRTP/clearpath_simulator/install/clearpath_generator_gz/lib/python3.12/site-packages/clearpath_generator_gz/nodes'...
[0.442s] Listing '/MRTP/MRTP/clearpath_simulator/install/clearpath_generator_gz/lib/python3.12/site-packages/clearpath_generator_gz/param'...
[0.442s] -- Up-to-date: /MRTP/MRTP/clearpath_simulator/install/clearpath_generator_gz/share/ament_index/resource_index/package_run_dependencies/clearpath_generator_gz
[0.442s] -- Up-to-date: /MRTP/MRTP/clearpath_simulator/install/clearpath_generator_gz/share/ament_index/resource_index/parent_prefix_path/clearpath_generator_gz
[0.443s] -- Up-to-date: /MRTP/MRTP/clearpath_simulator/install/clearpath_generator_gz/share/clearpath_generator_gz/environment/ament_prefix_path.sh
[0.443s] -- Up-to-date: /MRTP/MRTP/clearpath_simulator/install/clearpath_generator_gz/share/clearpath_generator_gz/environment/ament_prefix_path.dsv
[0.443s] -- Up-to-date: /MRTP/MRTP/clearpath_simulator/install/clearpath_generator_gz/share/clearpath_generator_gz/environment/path.sh
[0.444s] -- Up-to-date: /MRTP/MRTP/clearpath_simulator/install/clearpath_generator_gz/share/clearpath_generator_gz/environment/path.dsv
[0.444s] -- Up-to-date: /MRTP/MRTP/clearpath_simulator/install/clearpath_generator_gz/share/clearpath_generator_gz/local_setup.bash
[0.444s] -- Up-to-date: /MRTP/MRTP/clearpath_simulator/install/clearpath_generator_gz/share/clearpath_generator_gz/local_setup.sh
[0.445s] -- Up-to-date: /MRTP/MRTP/clearpath_simulator/install/clearpath_generator_gz/share/clearpath_generator_gz/local_setup.zsh
[0.445s] -- Up-to-date: /MRTP/MRTP/clearpath_simulator/install/clearpath_generator_gz/share/clearpath_generator_gz/local_setup.dsv
[0.445s] -- Up-to-date: /MRTP/MRTP/clearpath_simulator/install/clearpath_generator_gz/share/clearpath_generator_gz/package.dsv
[0.446s] -- Up-to-date: /MRTP/MRTP/clearpath_simulator/install/clearpath_generator_gz/share/ament_index/resource_index/packages/clearpath_generator_gz
[0.446s] -- Up-to-date: /MRTP/MRTP/clearpath_simulator/install/clearpath_generator_gz/share/clearpath_generator_gz/cmake/clearpath_generator_gzConfig.cmake
[0.447s] -- Up-to-date: /MRTP/MRTP/clearpath_simulator/install/clearpath_generator_gz/share/clearpath_generator_gz/cmake/clearpath_generator_gzConfig-version.cmake
[0.448s] -- Up-to-date: /MRTP/MRTP/clearpath_simulator/install/clearpath_generator_gz/share/clearpath_generator_gz/package.xml
[0.450s] Invoked command in '/MRTP/MRTP/clearpath_simulator/build/clearpath_generator_gz' returned '0': CMAKE_PREFIX_PATH=${CMAKE_PREFIX_PATH}:/MRTP/MRTP/install/gazeboenvs:/opt/ros/jazzy PS1=(.venv) \[\e]0;\u@\h: \w\a\]${debian_chroot:+($debian_chroot)}\u@\h:\w\$ VIRTUAL_ENV_PROMPT=(.venv) /usr/bin/cmake --install /MRTP/MRTP/clearpath_simulator/build/clearpath_generator_gz
