-- The C compiler identification is GNU 13.3.0
-- The CXX compiler identification is GNU 13.3.0
-- Detecting C compiler ABI info
-- Detecting C compiler ABI info - done
-- Check for working C compiler: /usr/bin/cc - skipped
-- Detecting C compile features
-- Detecting C compile features - done
-- Detecting CXX compiler ABI info
-- Detecting CXX compiler ABI info - done
-- Check for working CXX compiler: /usr/bin/c++ - skipped
-- Detecting CXX compile features
-- Detecting CXX compile features - done
-- Found ament_cmake: 2.5.4 (/opt/ros/jazzy/share/ament_cmake/cmake)
-- Found Python3: /.venv/bin/python3 (found version "3.12.3") found components: Interpreter 
-- Found ament_lint_auto: 0.17.3 (/opt/ros/jazzy/share/ament_lint_auto/cmake)
-- Added test 'lint_cmake' to check CMake code style
-- Added test 'xmllint' to check XML markup files
-- Configuring done (1.6s)
-- Generating done (0.0s)
-- Build files have been written to: /MRTP/MRTP/clearpath_simulator/build/clearpath_simulator
-- Install configuration: ""
-- Installing: /MRTP/MRTP/clearpath_simulator/install/clearpath_simulator/share/ament_index/resource_index/package_run_dependencies/clearpath_simulator
-- Installing: /MRTP/MRTP/clearpath_simulator/install/clearpath_simulator/share/ament_index/resource_index/parent_prefix_path/clearpath_simulator
-- Installing: /MRTP/MRTP/clearpath_simulator/install/clearpath_simulator/share/clearpath_simulator/environment/ament_prefix_path.sh
-- Installing: /MRTP/MRTP/clearpath_simulator/install/clearpath_simulator/share/clearpath_simulator/environment/ament_prefix_path.dsv
-- Installing: /MRTP/MRTP/clearpath_simulator/install/clearpath_simulator/share/clearpath_simulator/environment/path.sh
-- Installing: /MRTP/MRTP/clearpath_simulator/install/clearpath_simulator/share/clearpath_simulator/environment/path.dsv
-- Installing: /MRTP/MRTP/clearpath_simulator/install/clearpath_simulator/share/clearpath_simulator/local_setup.bash
-- Installing: /MRTP/MRTP/clearpath_simulator/install/clearpath_simulator/share/clearpath_simulator/local_setup.sh
-- Installing: /MRTP/MRTP/clearpath_simulator/install/clearpath_simulator/share/clearpath_simulator/local_setup.zsh
-- Installing: /MRTP/MRTP/clearpath_simulator/install/clearpath_simulator/share/clearpath_simulator/local_setup.dsv
-- Installing: /MRTP/MRTP/clearpath_simulator/install/clearpath_simulator/share/clearpath_simulator/package.dsv
-- Installing: /MRTP/MRTP/clearpath_simulator/install/clearpath_simulator/share/ament_index/resource_index/packages/clearpath_simulator
-- Installing: /MRTP/MRTP/clearpath_simulator/install/clearpath_simulator/share/clearpath_simulator/cmake/clearpath_simulatorConfig.cmake
-- Installing: /MRTP/MRTP/clearpath_simulator/install/clearpath_simulator/share/clearpath_simulator/cmake/clearpath_simulatorConfig-version.cmake
-- Installing: /MRTP/MRTP/clearpath_simulator/install/clearpath_simulator/share/clearpath_simulator/package.xml
