-- The C compiler identification is GNU 13.3.0
-- The CXX compiler identification is GNU 13.3.0
-- Detecting C compiler ABI info
-- Detecting C compiler ABI info - done
-- Check for working C compiler: /usr/bin/cc - skipped
-- Detecting C compile features
-- Detecting C compile features - done
-- Detecting CXX compiler ABI info
-- Detecting CXX compiler ABI info - done
-- Check for working CXX compiler: /usr/bin/c++ - skipped
-- Detecting CXX compile features
-- Detecting CXX compile features - done
-- Found ament_cmake: 2.5.4 (/opt/ros/jazzy/share/ament_cmake/cmake)
-- Found Python3: /.venv/bin/python3 (found version "3.12.3") found components: Interpreter 
-- Found ament_lint_auto: 0.17.3 (/opt/ros/jazzy/share/ament_lint_auto/cmake)
-- Added test 'flake8' to check Python code syntax and style conventions
-- Configured 'flake8' exclude dirs and/or files: 
-- Added test 'lint_cmake' to check CMake code style
-- Added test 'pep257' to check Python code against some of the docstring style conventions in PEP 257
-- Added test 'xmllint' to check XML markup files
-- Configuring done (1.9s)
-- Generating done (0.0s)
-- Build files have been written to: /MRTP/MRTP/clearpath_simulator/build/clearpath_generator_gz
Built target ament_cmake_python_copy_clearpath_generator_gz
running egg_info
creating clearpath_generator_gz.egg-info
writing clearpath_generator_gz.egg-info/PKG-INFO
writing dependency_links to clearpath_generator_gz.egg-info/dependency_links.txt
writing top-level names to clearpath_generator_gz.egg-info/top_level.txt
writing manifest file 'clearpath_generator_gz.egg-info/SOURCES.txt'
reading manifest file 'clearpath_generator_gz.egg-info/SOURCES.txt'
writing manifest file 'clearpath_generator_gz.egg-info/SOURCES.txt'
Built target ament_cmake_python_build_clearpath_generator_gz_egg
-- Install configuration: ""
-- Installing: /MRTP/MRTP/clearpath_simulator/install/clearpath_generator_gz/lib/clearpath_generator_gz/generate_launch
-- Installing: /MRTP/MRTP/clearpath_simulator/install/clearpath_generator_gz/lib/clearpath_generator_gz/ptz_controller_node
-- Installing: /MRTP/MRTP/clearpath_simulator/install/clearpath_generator_gz/lib/clearpath_generator_gz/generate_param
-- Installing: /MRTP/MRTP/clearpath_simulator/install/clearpath_generator_gz/share/clearpath_generator_gz/environment/pythonpath.sh
-- Installing: /MRTP/MRTP/clearpath_simulator/install/clearpath_generator_gz/share/clearpath_generator_gz/environment/pythonpath.dsv
-- Installing: /MRTP/MRTP/clearpath_simulator/install/clearpath_generator_gz/lib/python3.12/site-packages/clearpath_generator_gz-2.7.0-py3.12.egg-info
-- Installing: /MRTP/MRTP/clearpath_simulator/install/clearpath_generator_gz/lib/python3.12/site-packages/clearpath_generator_gz-2.7.0-py3.12.egg-info/PKG-INFO
-- Installing: /MRTP/MRTP/clearpath_simulator/install/clearpath_generator_gz/lib/python3.12/site-packages/clearpath_generator_gz-2.7.0-py3.12.egg-info/SOURCES.txt
-- Installing: /MRTP/MRTP/clearpath_simulator/install/clearpath_generator_gz/lib/python3.12/site-packages/clearpath_generator_gz-2.7.0-py3.12.egg-info/top_level.txt
-- Installing: /MRTP/MRTP/clearpath_simulator/install/clearpath_generator_gz/lib/python3.12/site-packages/clearpath_generator_gz-2.7.0-py3.12.egg-info/dependency_links.txt
-- Installing: /MRTP/MRTP/clearpath_simulator/install/clearpath_generator_gz/lib/python3.12/site-packages/clearpath_generator_gz
-- Installing: /MRTP/MRTP/clearpath_simulator/install/clearpath_generator_gz/lib/python3.12/site-packages/clearpath_generator_gz/nodes
-- Installing: /MRTP/MRTP/clearpath_simulator/install/clearpath_generator_gz/lib/python3.12/site-packages/clearpath_generator_gz/nodes/ptz_controller_node
-- Installing: /MRTP/MRTP/clearpath_simulator/install/clearpath_generator_gz/lib/python3.12/site-packages/clearpath_generator_gz/launch
-- Installing: /MRTP/MRTP/clearpath_simulator/install/clearpath_generator_gz/lib/python3.12/site-packages/clearpath_generator_gz/launch/sensors.py
-- Installing: /MRTP/MRTP/clearpath_simulator/install/clearpath_generator_gz/lib/python3.12/site-packages/clearpath_generator_gz/launch/__init__.py
-- Installing: /MRTP/MRTP/clearpath_simulator/install/clearpath_generator_gz/lib/python3.12/site-packages/clearpath_generator_gz/launch/generator.py
-- Installing: /MRTP/MRTP/clearpath_simulator/install/clearpath_generator_gz/lib/python3.12/site-packages/clearpath_generator_gz/launch/generate_launch
-- Installing: /MRTP/MRTP/clearpath_simulator/install/clearpath_generator_gz/lib/python3.12/site-packages/clearpath_generator_gz/__init__.py
-- Installing: /MRTP/MRTP/clearpath_simulator/install/clearpath_generator_gz/lib/python3.12/site-packages/clearpath_generator_gz/param
-- Installing: /MRTP/MRTP/clearpath_simulator/install/clearpath_generator_gz/lib/python3.12/site-packages/clearpath_generator_gz/param/sensors.py
-- Installing: /MRTP/MRTP/clearpath_simulator/install/clearpath_generator_gz/lib/python3.12/site-packages/clearpath_generator_gz/param/__init__.py
-- Installing: /MRTP/MRTP/clearpath_simulator/install/clearpath_generator_gz/lib/python3.12/site-packages/clearpath_generator_gz/param/generator.py
-- Installing: /MRTP/MRTP/clearpath_simulator/install/clearpath_generator_gz/lib/python3.12/site-packages/clearpath_generator_gz/param/generate_param
Listing '/MRTP/MRTP/clearpath_simulator/install/clearpath_generator_gz/lib/python3.12/site-packages/clearpath_generator_gz'...
Compiling '/MRTP/MRTP/clearpath_simulator/install/clearpath_generator_gz/lib/python3.12/site-packages/clearpath_generator_gz/__init__.py'...
Listing '/MRTP/MRTP/clearpath_simulator/install/clearpath_generator_gz/lib/python3.12/site-packages/clearpath_generator_gz/launch'...
Compiling '/MRTP/MRTP/clearpath_simulator/install/clearpath_generator_gz/lib/python3.12/site-packages/clearpath_generator_gz/launch/__init__.py'...
Compiling '/MRTP/MRTP/clearpath_simulator/install/clearpath_generator_gz/lib/python3.12/site-packages/clearpath_generator_gz/launch/generator.py'...
Compiling '/MRTP/MRTP/clearpath_simulator/install/clearpath_generator_gz/lib/python3.12/site-packages/clearpath_generator_gz/launch/sensors.py'...
Listing '/MRTP/MRTP/clearpath_simulator/install/clearpath_generator_gz/lib/python3.12/site-packages/clearpath_generator_gz/nodes'...
Listing '/MRTP/MRTP/clearpath_simulator/install/clearpath_generator_gz/lib/python3.12/site-packages/clearpath_generator_gz/param'...
Compiling '/MRTP/MRTP/clearpath_simulator/install/clearpath_generator_gz/lib/python3.12/site-packages/clearpath_generator_gz/param/__init__.py'...
Compiling '/MRTP/MRTP/clearpath_simulator/install/clearpath_generator_gz/lib/python3.12/site-packages/clearpath_generator_gz/param/generator.py'...
Compiling '/MRTP/MRTP/clearpath_simulator/install/clearpath_generator_gz/lib/python3.12/site-packages/clearpath_generator_gz/param/sensors.py'...
-- Installing: /MRTP/MRTP/clearpath_simulator/install/clearpath_generator_gz/share/ament_index/resource_index/package_run_dependencies/clearpath_generator_gz
-- Installing: /MRTP/MRTP/clearpath_simulator/install/clearpath_generator_gz/share/ament_index/resource_index/parent_prefix_path/clearpath_generator_gz
-- Installing: /MRTP/MRTP/clearpath_simulator/install/clearpath_generator_gz/share/clearpath_generator_gz/environment/ament_prefix_path.sh
-- Installing: /MRTP/MRTP/clearpath_simulator/install/clearpath_generator_gz/share/clearpath_generator_gz/environment/ament_prefix_path.dsv
-- Installing: /MRTP/MRTP/clearpath_simulator/install/clearpath_generator_gz/share/clearpath_generator_gz/environment/path.sh
-- Installing: /MRTP/MRTP/clearpath_simulator/install/clearpath_generator_gz/share/clearpath_generator_gz/environment/path.dsv
-- Installing: /MRTP/MRTP/clearpath_simulator/install/clearpath_generator_gz/share/clearpath_generator_gz/local_setup.bash
-- Installing: /MRTP/MRTP/clearpath_simulator/install/clearpath_generator_gz/share/clearpath_generator_gz/local_setup.sh
-- Installing: /MRTP/MRTP/clearpath_simulator/install/clearpath_generator_gz/share/clearpath_generator_gz/local_setup.zsh
-- Installing: /MRTP/MRTP/clearpath_simulator/install/clearpath_generator_gz/share/clearpath_generator_gz/local_setup.dsv
-- Installing: /MRTP/MRTP/clearpath_simulator/install/clearpath_generator_gz/share/clearpath_generator_gz/package.dsv
-- Installing: /MRTP/MRTP/clearpath_simulator/install/clearpath_generator_gz/share/ament_index/resource_index/packages/clearpath_generator_gz
-- Installing: /MRTP/MRTP/clearpath_simulator/install/clearpath_generator_gz/share/clearpath_generator_gz/cmake/clearpath_generator_gzConfig.cmake
-- Installing: /MRTP/MRTP/clearpath_simulator/install/clearpath_generator_gz/share/clearpath_generator_gz/cmake/clearpath_generator_gzConfig-version.cmake
-- Installing: /MRTP/MRTP/clearpath_simulator/install/clearpath_generator_gz/share/clearpath_generator_gz/package.xml
